<?xml version="1.0" encoding="UTF-8"?>
<coverage generated="1698688664420" clover="3.2.0">
  <project timestamp="1698688664420" name="All files">
    <metrics statements="316" coveredstatements="257" conditionals="210" coveredconditionals="140" methods="80" coveredmethods="67" elements="606" coveredelements="464" complexity="0" loc="316" ncloc="316" packages="2" files="4" classes="4"/>
    <package name="src">
      <metrics statements="313" coveredstatements="254" conditionals="210" coveredconditionals="140" methods="80" coveredmethods="67"/>
      <file name="ItemManager.js" path="/Users/zane/.liq/playground/liquid-labs/resource-model/src/ItemManager.js">
        <metrics statements="133" coveredstatements="114" conditionals="123" coveredconditionals="94" methods="34" coveredmethods="28"/>
        <line num="1" count="2" type="stmt"/>
        <line num="3" count="2" type="stmt"/>
        <line num="5" count="2" type="stmt"/>
        <line num="6" count="2" type="stmt"/>
        <line num="8" count="212" type="cond" truecount="6" falsecount="0"/>
        <line num="10" count="2" type="stmt"/>
        <line num="15" count="2" type="stmt"/>
        <line num="19" count="28" type="stmt"/>
        <line num="34" count="168" type="stmt"/>
        <line num="36" count="28" type="cond" truecount="3" falsecount="0"/>
        <line num="38" count="28" type="cond" truecount="1" falsecount="1"/>
        <line num="40" count="28" type="cond" truecount="4" falsecount="0"/>
        <line num="41" count="1" type="stmt"/>
        <line num="43" count="27" type="cond" truecount="3" falsecount="0"/>
        <line num="44" count="1" type="stmt"/>
        <line num="48" count="26" type="stmt"/>
        <line num="55" count="26" type="stmt"/>
        <line num="56" count="26" type="stmt"/>
        <line num="59" count="26" type="stmt"/>
        <line num="61" count="26" type="cond" truecount="1" falsecount="0"/>
        <line num="62" count="18" type="stmt"/>
        <line num="63" count="18" type="cond" truecount="1" falsecount="1"/>
        <line num="64" count="0" type="stmt"/>
        <line num="66" count="13" type="stmt"/>
        <line num="67" count="13" type="stmt"/>
        <line num="69" count="18" type="stmt"/>
        <line num="70" count="18" type="stmt"/>
        <line num="73" count="26" type="cond" truecount="2" falsecount="0"/>
        <line num="74" count="11" type="stmt"/>
        <line num="77" count="15" type="stmt"/>
        <line num="82" count="22" type="stmt"/>
        <line num="84" count="0" type="stmt"/>
        <line num="86" count="0" type="stmt"/>
        <line num="91" count="43" type="cond" truecount="2" falsecount="0"/>
        <line num="93" count="9" type="stmt"/>
        <line num="95" count="4" type="stmt"/>
        <line num="100" count="107" type="stmt"/>
        <line num="102" count="42" type="stmt"/>
        <line num="105" count="27" type="stmt"/>
        <line num="106" count="27" type="stmt"/>
        <line num="107" count="27" type="stmt"/>
        <line num="109" count="27" type="cond" truecount="3" falsecount="0"/>
        <line num="110" count="2" type="stmt"/>
        <line num="114" count="25" type="cond" truecount="1" falsecount="0"/>
        <line num="117" count="25" type="cond" truecount="1" falsecount="0"/>
        <line num="118" count="1" type="stmt"/>
        <line num="121" count="24" type="cond" truecount="1" falsecount="0"/>
        <line num="122" count="1" type="stmt"/>
        <line num="125" count="23" type="stmt"/>
        <line num="136" count="17" type="stmt"/>
        <line num="137" count="17" type="cond" truecount="1" falsecount="2"/>
        <line num="138" count="0" type="stmt"/>
        <line num="139" count="0" type="stmt"/>
        <line num="142" count="17" type="cond" truecount="1" falsecount="1"/>
        <line num="145" count="28" type="stmt"/>
        <line num="148" count="28" type="stmt"/>
        <line num="149" count="28" type="stmt"/>
        <line num="150" count="28" type="cond" truecount="2" falsecount="1"/>
        <line num="151" count="0" type="stmt"/>
        <line num="155" count="28" type="cond" truecount="1" falsecount="0"/>
        <line num="156" count="13" type="stmt"/>
        <line num="157" count="13" type="cond" truecount="2" falsecount="1"/>
        <line num="159" count="13" type="stmt"/>
        <line num="160" count="11" type="cond" truecount="2" falsecount="1"/>
        <line num="163" count="2" type="cond" truecount="3" falsecount="0"/>
        <line num="164" count="1" type="stmt"/>
        <line num="170" count="27" type="cond" truecount="1" falsecount="0"/>
        <line num="171" count="26" type="cond" truecount="2" falsecount="1"/>
        <line num="172" count="26" type="stmt"/>
        <line num="173" count="26" type="stmt"/>
        <line num="174" count="27" type="stmt"/>
        <line num="179" count="5" type="stmt"/>
        <line num="182" count="5" type="stmt"/>
        <line num="187" count="4" type="stmt"/>
        <line num="188" count="4" type="stmt"/>
        <line num="189" count="4" type="cond" truecount="0" falsecount="1"/>
        <line num="190" count="0" type="stmt"/>
        <line num="193" count="4" type="stmt"/>
        <line num="195" count="4" type="cond" truecount="0" falsecount="1"/>
        <line num="197" count="4" type="stmt"/>
        <line num="201" count="0" type="stmt"/>
        <line num="202" count="0" type="stmt"/>
        <line num="203" count="0" type="cond" truecount="0" falsecount="3"/>
        <line num="204" count="0" type="stmt"/>
        <line num="207" count="0" type="stmt"/>
        <line num="222" count="13" type="cond" truecount="1" falsecount="1"/>
        <line num="225" count="13" type="stmt"/>
        <line num="228" count="0" type="stmt"/>
        <line num="229" count="0" type="stmt"/>
        <line num="230" count="0" type="stmt"/>
        <line num="235" count="13" type="stmt"/>
        <line num="236" count="13" type="cond" truecount="1" falsecount="1"/>
        <line num="237" count="0" type="stmt"/>
        <line num="239" count="13" type="cond" truecount="1" falsecount="0"/>
        <line num="240" count="13" type="stmt"/>
        <line num="243" count="13" type="stmt"/>
        <line num="247" count="26" type="stmt"/>
        <line num="251" count="5" type="cond" truecount="0" falsecount="1"/>
        <line num="252" count="0" type="stmt"/>
        <line num="255" count="5" type="cond" truecount="3" falsecount="0"/>
        <line num="256" count="1" type="stmt"/>
        <line num="257" count="1" type="cond" truecount="1" falsecount="0"/>
        <line num="258" count="1" type="stmt"/>
        <line num="262" count="4" type="stmt"/>
        <line num="263" count="4" type="cond" truecount="1" falsecount="0"/>
        <line num="264" count="4" type="stmt"/>
        <line num="267" count="4" type="cond" truecount="2" falsecount="0"/>
        <line num="270" count="4" type="stmt"/>
        <line num="274" count="26" type="stmt"/>
        <line num="275" count="2" type="stmt"/>
        <line num="281" count="2" type="stmt"/>
        <line num="282" count="2" type="stmt"/>
        <line num="291" count="9" type="stmt"/>
        <line num="295" count="18" type="cond" truecount="2" falsecount="1"/>
        <line num="296" count="0" type="stmt"/>
        <line num="298" count="18" type="cond" truecount="3" falsecount="0"/>
        <line num="299" count="1" type="cond" truecount="3" falsecount="1"/>
        <line num="300" count="1" type="stmt"/>
        <line num="303" count="17" type="cond" truecount="0" falsecount="1"/>
        <line num="304" count="17" type="cond" truecount="1" falsecount="0"/>
        <line num="305" count="8" type="stmt"/>
        <line num="307" count="8" type="stmt"/>
        <line num="308" count="8" type="cond" truecount="2" falsecount="0"/>
        <line num="311" count="9" type="stmt"/>
        <line num="315" count="14" type="cond" truecount="1" falsecount="1"/>
        <line num="316" count="0" type="stmt"/>
        <line num="318" count="6" type="stmt"/>
        <line num="323" count="2" type="stmt"/>
        <line num="324" count="2" type="cond" truecount="2" falsecount="0"/>
        <line num="325" count="1" type="stmt"/>
        <line num="328" count="1" type="cond" truecount="1" falsecount="1"/>
        <line num="333" count="13" type="stmt"/>
        <line num="335" count="31" type="cond" truecount="1" falsecount="1"/>
      </file>
      <file name="ListManager.js" path="/Users/zane/.liq/playground/liquid-labs/resource-model/src/ListManager.js">
        <metrics statements="132" coveredstatements="108" conditionals="67" coveredconditionals="38" methods="39" coveredmethods="34"/>
        <line num="1" count="3" type="stmt"/>
        <line num="27" count="3" type="stmt"/>
        <line num="28" count="40" type="stmt"/>
        <line num="29" count="160" type="stmt"/>
        <line num="43" count="120" type="cond" truecount="3" falsecount="0"/>
        <line num="44" count="40" type="stmt"/>
        <line num="45" count="40" type="stmt"/>
        <line num="46" count="40" type="stmt"/>
        <line num="51" count="40" type="stmt"/>
        <line num="54" count="0" type="stmt"/>
        <line num="71" count="18" type="cond" truecount="1" falsecount="0"/>
        <line num="72" count="1" type="stmt"/>
        <line num="74" count="17" type="cond" truecount="0" falsecount="1"/>
        <line num="75" count="0" type="stmt"/>
        <line num="77" count="17" type="cond" truecount="1" falsecount="0"/>
        <line num="78" count="16" type="stmt"/>
        <line num="81" count="1" type="stmt"/>
        <line num="98" count="11" type="stmt"/>
        <line num="99" count="11" type="cond" truecount="1" falsecount="2"/>
        <line num="100" count="0" type="cond" truecount="0" falsecount="2"/>
        <line num="103" count="11" type="cond" truecount="2" falsecount="0"/>
        <line num="138" count="6" type="cond" truecount="2" falsecount="0"/>
        <line num="139" count="6" type="stmt"/>
        <line num="141" count="6" type="cond" truecount="1" falsecount="2"/>
        <line num="142" count="0" type="cond" truecount="0" falsecount="2"/>
        <line num="143" count="0" type="cond" truecount="0" falsecount="4"/>
        <line num="146" count="6" type="cond" truecount="2" falsecount="0"/>
        <line num="147" count="5" type="cond" truecount="1" falsecount="1"/>
        <line num="148" count="0" type="cond" truecount="0" falsecount="2"/>
        <line num="149" count="0" type="stmt"/>
        <line num="152" count="1" type="cond" truecount="1" falsecount="1"/>
        <line num="153" count="0" type="stmt"/>
        <line num="155" count="1" type="cond" truecount="1" falsecount="1"/>
        <line num="156" count="2" type="stmt"/>
        <line num="158" count="0" type="cond" truecount="0" falsecount="2"/>
        <line num="159" count="0" type="stmt"/>
        <line num="161" count="0" type="cond" truecount="0" falsecount="2"/>
        <line num="162" count="0" type="stmt"/>
        <line num="165" count="0" type="stmt"/>
        <line num="171" count="54" type="stmt"/>
        <line num="172" count="108" type="cond" truecount="0" falsecount="1"/>
        <line num="173" count="0" type="stmt"/>
        <line num="177" count="54" type="stmt"/>
        <line num="178" count="54" type="stmt"/>
        <line num="179" count="54" type="stmt"/>
        <line num="180" count="54" type="cond" truecount="1" falsecount="0"/>
        <line num="181" count="51" type="stmt"/>
        <line num="183" count="54" type="stmt"/>
        <line num="185" count="54" type="stmt"/>
        <line num="188" count="35" type="stmt"/>
        <line num="190" count="1" type="stmt"/>
        <line num="192" count="1" type="stmt"/>
        <line num="195" count="56" type="cond" truecount="2" falsecount="0"/>
        <line num="196" count="56" type="stmt"/>
        <line num="205" count="29" type="stmt"/>
        <line num="215" count="25" type="stmt"/>
        <line num="217" count="25" type="stmt"/>
        <line num="229" count="27" type="stmt"/>
        <line num="230" count="27" type="stmt"/>
        <line num="236" count="5" type="stmt"/>
        <line num="239" count="7" type="stmt"/>
        <line num="240" count="5" type="stmt"/>
        <line num="242" count="5" type="stmt"/>
        <line num="254" count="3" type="stmt"/>
        <line num="256" count="3" type="stmt"/>
        <line num="257" count="7" type="stmt"/>
        <line num="258" count="3" type="stmt"/>
        <line num="260" count="3" type="stmt"/>
        <line num="270" count="0" type="stmt"/>
        <line num="275" count="42" type="cond" truecount="2" falsecount="0"/>
        <line num="277" count="3" type="stmt"/>
        <line num="278" count="42" type="cond" truecount="0" falsecount="1"/>
        <line num="279" count="0" type="cond" truecount="0" falsecount="2"/>
        <line num="282" count="0" type="stmt"/>
        <line num="284" count="42" type="stmt"/>
        <line num="288" count="0" type="stmt"/>
        <line num="292" count="0" type="stmt"/>
        <line num="293" count="0" type="stmt"/>
        <line num="301" count="3" type="stmt"/>
        <line num="302" count="89" type="stmt"/>
        <line num="303" count="22" type="stmt"/>
        <line num="307" count="3" type="stmt"/>
        <line num="308" count="132" type="cond" truecount="2" falsecount="1"/>
        <line num="309" count="108" type="stmt"/>
        <line num="310" count="24" type="stmt"/>
        <line num="312" count="0" type="stmt"/>
        <line num="316" count="3" type="stmt"/>
        <line num="319" count="62" type="stmt"/>
        <line num="320" count="76" type="stmt"/>
        <line num="325" count="3" type="stmt"/>
        <line num="326" count="73" type="stmt"/>
        <line num="327" count="73" type="stmt"/>
        <line num="330" count="3" type="stmt"/>
        <line num="331" count="16" type="stmt"/>
        <line num="332" count="16" type="stmt"/>
        <line num="333" count="41" type="stmt"/>
        <line num="334" count="41" type="cond" truecount="2" falsecount="0"/>
        <line num="335" count="41" type="stmt"/>
        <line num="336" count="41" type="stmt"/>
        <line num="337" count="41" type="stmt"/>
        <line num="344" count="3" type="stmt"/>
        <line num="345" count="27" type="stmt"/>
        <line num="351" count="3" type="stmt"/>
        <line num="352" count="5" type="stmt"/>
        <line num="353" count="5" type="cond" truecount="2" falsecount="0"/>
        <line num="354" count="5" type="stmt"/>
        <line num="355" count="5" type="stmt"/>
        <line num="361" count="3" type="stmt"/>
        <line num="362" count="5" type="cond" truecount="0" falsecount="1"/>
        <line num="364" count="0" type="stmt"/>
        <line num="365" count="0" type="stmt"/>
        <line num="367" count="5" type="stmt"/>
        <line num="373" count="3" type="stmt"/>
        <line num="374" count="1" type="stmt"/>
        <line num="375" count="1" type="cond" truecount="1" falsecount="1"/>
        <line num="377" count="0" type="stmt"/>
        <line num="380" count="1" type="stmt"/>
        <line num="381" count="1" type="stmt"/>
        <line num="390" count="3" type="stmt"/>
        <line num="391" count="3" type="stmt"/>
        <line num="393" count="3" type="stmt"/>
        <line num="401" count="3" type="stmt"/>
        <line num="402" count="3" type="stmt"/>
        <line num="403" count="3" type="stmt"/>
        <line num="404" count="3" type="cond" truecount="1" falsecount="0"/>
        <line num="405" count="1" type="stmt"/>
        <line num="412" count="3" type="stmt"/>
        <line num="413" count="4" type="stmt"/>
        <line num="415" count="4" type="stmt"/>
        <line num="416" count="4" type="stmt"/>
        <line num="419" count="7" type="stmt"/>
        <line num="421" count="4" type="stmt"/>
      </file>
      <file name="Model.mjs" path="/Users/zane/.liq/playground/liquid-labs/resource-model/src/Model.mjs">
        <metrics statements="48" coveredstatements="32" conditionals="20" coveredconditionals="8" methods="7" coveredmethods="5"/>
        <line num="1" count="1" type="stmt"/>
        <line num="2" count="1" type="stmt"/>
        <line num="4" count="1" type="stmt"/>
        <line num="5" count="8" type="stmt"/>
        <line num="6" count="8" type="stmt"/>
        <line num="9" count="8" type="cond" truecount="4" falsecount="0"/>
        <line num="10" count="8" type="stmt"/>
        <line num="11" count="5" type="stmt"/>
        <line num="13" count="8" type="stmt"/>
        <line num="14" count="1" type="stmt"/>
        <line num="16" count="8" type="stmt"/>
        <line num="17" count="0" type="stmt"/>
        <line num="22" count="6" type="stmt"/>
        <line num="23" count="24" type="cond" truecount="0" falsecount="1"/>
        <line num="24" count="0" type="cond" truecount="0" falsecount="2"/>
        <line num="28" count="6" type="stmt"/>
        <line num="35" count="6" type="stmt"/>
        <line num="39" count="1" type="stmt"/>
        <line num="40" count="1" type="cond" truecount="0" falsecount="1"/>
        <line num="41" count="0" type="stmt"/>
        <line num="45" count="1" type="stmt"/>
        <line num="52" count="1" type="stmt"/>
        <line num="56" count="1" type="stmt"/>
        <line num="57" count="1" type="cond" truecount="0" falsecount="1"/>
        <line num="58" count="0" type="cond" truecount="0" falsecount="2"/>
        <line num="62" count="1" type="stmt"/>
        <line num="66" count="0" type="stmt"/>
        <line num="67" count="0" type="stmt"/>
        <line num="69" count="0" type="stmt"/>
        <line num="70" count="0" type="stmt"/>
        <line num="75" count="0" type="cond" truecount="0" falsecount="1"/>
        <line num="76" count="0" type="stmt"/>
        <line num="77" count="0" type="cond" truecount="0" falsecount="1"/>
        <line num="78" count="0" type="stmt"/>
        <line num="82" count="0" type="stmt"/>
        <line num="83" count="0" type="stmt"/>
        <line num="85" count="0" type="stmt"/>
        <line num="86" count="0" type="stmt"/>
        <line num="91" count="5" type="stmt"/>
        <line num="93" count="5" type="stmt"/>
        <line num="94" count="4" type="cond" truecount="1" falsecount="0"/>
        <line num="95" count="2" type="stmt"/>
        <line num="99" count="3" type="stmt"/>
        <line num="100" count="1" type="stmt"/>
        <line num="103" count="2" type="stmt"/>
        <line num="104" count="1" type="stmt"/>
        <line num="107" count="2" type="stmt"/>
        <line num="109" count="1" type="stmt"/>
      </file>
    </package>
    <package name="src.lib">
      <metrics statements="3" coveredstatements="3" conditionals="0" coveredconditionals="0" methods="0" coveredmethods="0"/>
      <file name="index-relationships.js" path="/Users/zane/.liq/playground/liquid-labs/resource-model/src/lib/index-relationships.js">
        <metrics statements="3" coveredstatements="3" conditionals="0" coveredconditionals="0" methods="0" coveredmethods="0"/>
        <line num="6" count="3" type="stmt"/>
        <line num="7" count="3" type="stmt"/>
        <line num="11" count="3" type="stmt"/>
      </file>
    </package>
  </project>
</coverage>
