{"/Users/zane/.liq/playground/liquid-labs/resource-model/src/ItemManager.js": {"path":"/Users/zane/.liq/playground/liquid-labs/resource-model/src/ItemManager.js","statementMap":{"0":{"start":{"line":1,"column":0},"end":{"line":1,"column":null}},"1":{"start":{"line":3,"column":0},"end":{"line":3,"column":null}},"2":{"start":{"line":5,"column":0},"end":{"line":5,"column":null}},"3":{"start":{"line":6,"column":0},"end":{"line":6,"column":null}},"4":{"start":{"line":8,"column":0},"end":{"line":8,"column":43}},"5":{"start":{"line":8,"column":43},"end":{"line":8,"column":null}},"6":{"start":{"line":10,"column":28},"end":{"line":10,"column":37}},"7":{"start":{"line":10,"column":35},"end":{"line":10,"column":37}},"8":{"start":{"line":15,"column":17},"end":{"line":331,"column":null}},"9":{"start":{"line":34,"column":5},"end":{"line":34,"column":null}},"10":{"start":{"line":19,"column":2},"end":{"line":19,"column":null}},"11":{"start":{"line":36,"column":4},"end":{"line":36,"column":null}},"12":{"start":{"line":38,"column":4},"end":{"line":38,"column":null}},"13":{"start":{"line":40,"column":4},"end":{"line":42,"column":null}},"14":{"start":{"line":41,"column":6},"end":{"line":41,"column":null}},"15":{"start":{"line":43,"column":4},"end":{"line":45,"column":null}},"16":{"start":{"line":44,"column":6},"end":{"line":44,"column":null}},"17":{"start":{"line":48,"column":4},"end":{"line":52,"column":null}},"18":{"start":{"line":55,"column":4},"end":{"line":55,"column":null}},"19":{"start":{"line":56,"column":4},"end":{"line":58,"column":null}},"20":{"start":{"line":59,"column":4},"end":{"line":59,"column":null}},"21":{"start":{"line":61,"column":4},"end":{"line":71,"column":null}},"22":{"start":{"line":62,"column":30},"end":{"line":62,"column":63}},"23":{"start":{"line":63,"column":25},"end":{"line":68,"column":9}},"24":{"start":{"line":64,"column":22},"end":{"line":64,"column":38}},"25":{"start":{"line":64,"column":38},"end":{"line":64,"column":50}},"26":{"start":{"line":66,"column":10},"end":{"line":66,"column":null}},"27":{"start":{"line":67,"column":10},"end":{"line":67,"column":null}},"28":{"start":{"line":69,"column":6},"end":{"line":69,"column":null}},"29":{"start":{"line":70,"column":6},"end":{"line":70,"column":null}},"30":{"start":{"line":73,"column":4},"end":{"line":78,"column":null}},"31":{"start":{"line":74,"column":6},"end":{"line":74,"column":null}},"32":{"start":{"line":77,"column":6},"end":{"line":77,"column":null}},"33":{"start":{"line":82,"column":22},"end":{"line":82,"column":63}},"34":{"start":{"line":84,"column":24},"end":{"line":84,"column":67}},"35":{"start":{"line":86,"column":19},"end":{"line":86,"column":41}},"36":{"start":{"line":91,"column":23},"end":{"line":91,"column":87}},"37":{"start":{"line":93,"column":20},"end":{"line":93,"column":59}},"38":{"start":{"line":95,"column":19},"end":{"line":95,"column":57}},"39":{"start":{"line":100,"column":19},"end":{"line":100,"column":57}},"40":{"start":{"line":102,"column":20},"end":{"line":102,"column":59}},"41":{"start":{"line":105,"column":4},"end":{"line":105,"column":null}},"42":{"start":{"line":106,"column":21},"end":{"line":106,"column":34}},"43":{"start":{"line":107,"column":26},"end":{"line":107,"column":43}},"44":{"start":{"line":109,"column":4},"end":{"line":111,"column":null}},"45":{"start":{"line":110,"column":6},"end":{"line":110,"column":null}},"46":{"start":{"line":114,"column":4},"end":{"line":114,"column":null}},"47":{"start":{"line":114,"column":31},"end":{"line":114,"column":null}},"48":{"start":{"line":117,"column":4},"end":{"line":119,"column":null}},"49":{"start":{"line":118,"column":6},"end":{"line":118,"column":null}},"50":{"start":{"line":121,"column":4},"end":{"line":123,"column":null}},"51":{"start":{"line":122,"column":6},"end":{"line":122,"column":null}},"52":{"start":{"line":125,"column":4},"end":{"line":125,"column":null}},"53":{"start":{"line":136,"column":15},"end":{"line":136,"column":34}},"54":{"start":{"line":137,"column":4},"end":{"line":140,"column":null}},"55":{"start":{"line":138,"column":6},"end":{"line":138,"column":null}},"56":{"start":{"line":139,"column":6},"end":{"line":139,"column":null}},"57":{"start":{"line":142,"column":4},"end":{"line":142,"column":null}},"58":{"start":{"line":145,"column":14},"end":{"line":145,"column":45}},"59":{"start":{"line":148,"column":26},"end":{"line":148,"column":45}},"60":{"start":{"line":149,"column":4},"end":{"line":183,"column":null}},"61":{"start":{"line":150,"column":6},"end":{"line":152,"column":null}},"62":{"start":{"line":151,"column":8},"end":{"line":151,"column":null}},"63":{"start":{"line":155,"column":6},"end":{"line":168,"column":null}},"64":{"start":{"line":156,"column":8},"end":{"line":167,"column":null}},"65":{"start":{"line":157,"column":10},"end":{"line":157,"column":null}},"66":{"start":{"line":159,"column":10},"end":{"line":159,"column":null}},"67":{"start":{"line":160,"column":10},"end":{"line":160,"column":null}},"68":{"start":{"line":163,"column":10},"end":{"line":165,"column":null}},"69":{"start":{"line":164,"column":12},"end":{"line":164,"column":null}},"70":{"start":{"line":170,"column":6},"end":{"line":176,"column":null}},"71":{"start":{"line":171,"column":8},"end":{"line":171,"column":null}},"72":{"start":{"line":172,"column":8},"end":{"line":172,"column":null}},"73":{"start":{"line":173,"column":8},"end":{"line":175,"column":null}},"74":{"start":{"line":174,"column":10},"end":{"line":174,"column":null}},"75":{"start":{"line":179,"column":19},"end":{"line":181,"column":26}},"76":{"start":{"line":182,"column":6},"end":{"line":182,"column":null}},"77":{"start":{"line":187,"column":4},"end":{"line":187,"column":null}},"78":{"start":{"line":188,"column":15},"end":{"line":188,"column":34}},"79":{"start":{"line":189,"column":4},"end":{"line":191,"column":null}},"80":{"start":{"line":190,"column":6},"end":{"line":190,"column":null}},"81":{"start":{"line":193,"column":4},"end":{"line":193,"column":null}},"82":{"start":{"line":195,"column":4},"end":{"line":195,"column":null}},"83":{"start":{"line":195,"column":26},"end":{"line":195,"column":null}},"84":{"start":{"line":197,"column":4},"end":{"line":197,"column":null}},"85":{"start":{"line":201,"column":4},"end":{"line":201,"column":null}},"86":{"start":{"line":202,"column":17},"end":{"line":202,"column":40}},"87":{"start":{"line":203,"column":4},"end":{"line":205,"column":null}},"88":{"start":{"line":204,"column":6},"end":{"line":204,"column":null}},"89":{"start":{"line":207,"column":4},"end":{"line":207,"column":null}},"90":{"start":{"line":222,"column":4},"end":{"line":232,"column":null}},"91":{"start":{"line":225,"column":6},"end":{"line":225,"column":null}},"92":{"start":{"line":228,"column":6},"end":{"line":228,"column":null}},"93":{"start":{"line":229,"column":6},"end":{"line":231,"column":null}},"94":{"start":{"line":230,"column":8},"end":{"line":230,"column":null}},"95":{"start":{"line":235,"column":21},"end":{"line":235,"column":53}},"96":{"start":{"line":236,"column":4},"end":{"line":241,"column":null}},"97":{"start":{"line":237,"column":6},"end":{"line":237,"column":null}},"98":{"start":{"line":239,"column":9},"end":{"line":241,"column":null}},"99":{"start":{"line":240,"column":6},"end":{"line":240,"column":null}},"100":{"start":{"line":243,"column":4},"end":{"line":243,"column":null}},"101":{"start":{"line":247,"column":4},"end":{"line":247,"column":null}},"102":{"start":{"line":251,"column":4},"end":{"line":253,"column":null}},"103":{"start":{"line":252,"column":6},"end":{"line":252,"column":null}},"104":{"start":{"line":255,"column":4},"end":{"line":260,"column":null}},"105":{"start":{"line":256,"column":25},"end":{"line":256,"column":40}},"106":{"start":{"line":257,"column":6},"end":{"line":259,"column":null}},"107":{"start":{"line":258,"column":8},"end":{"line":258,"column":null}},"108":{"start":{"line":262,"column":19},"end":{"line":262,"column":48}},"109":{"start":{"line":263,"column":4},"end":{"line":265,"column":null}},"110":{"start":{"line":264,"column":6},"end":{"line":264,"column":null}},"111":{"start":{"line":264,"column":37},"end":{"line":264,"column":56}},"112":{"start":{"line":267,"column":23},"end":{"line":269,"column":44}},"113":{"start":{"line":270,"column":4},"end":{"line":270,"column":null}},"114":{"start":{"line":291,"column":4},"end":{"line":291,"column":91}},"115":{"start":{"line":323,"column":19},"end":{"line":323,"column":82}},"116":{"start":{"line":324,"column":4},"end":{"line":329,"column":null}},"117":{"start":{"line":325,"column":6},"end":{"line":325,"column":null}},"118":{"start":{"line":328,"column":6},"end":{"line":328,"column":null}},"119":{"start":{"line":274,"column":4},"end":{"line":283,"column":null}},"120":{"start":{"line":275,"column":6},"end":{"line":279,"column":null}},"121":{"start":{"line":281,"column":28},"end":{"line":281,"column":86}},"122":{"start":{"line":282,"column":6},"end":{"line":282,"column":null}},"123":{"start":{"line":295,"column":4},"end":{"line":297,"column":null}},"124":{"start":{"line":296,"column":6},"end":{"line":296,"column":null}},"125":{"start":{"line":298,"column":4},"end":{"line":301,"column":null}},"126":{"start":{"line":299,"column":6},"end":{"line":299,"column":null}},"127":{"start":{"line":299,"column":39},"end":{"line":299,"column":102}},"128":{"start":{"line":300,"column":6},"end":{"line":300,"column":null}},"129":{"start":{"line":303,"column":4},"end":{"line":303,"column":null}},"130":{"start":{"line":303,"column":28},"end":{"line":303,"column":null}},"131":{"start":{"line":304,"column":4},"end":{"line":309,"column":null}},"132":{"start":{"line":305,"column":6},"end":{"line":305,"column":null}},"133":{"start":{"line":307,"column":6},"end":{"line":307,"column":null}},"134":{"start":{"line":308,"column":6},"end":{"line":308,"column":null}},"135":{"start":{"line":311,"column":4},"end":{"line":311,"column":null}},"136":{"start":{"line":315,"column":4},"end":{"line":319,"column":null}},"137":{"start":{"line":316,"column":27},"end":{"line":316,"column":48}},"138":{"start":{"line":318,"column":26},"end":{"line":318,"column":62}},"139":{"start":{"line":333,"column":19},"end":{"line":333,"column":71}},"140":{"start":{"line":333,"column":29},"end":{"line":333,"column":71}},"141":{"start":{"line":333,"column":39},"end":{"line":333,"column":71}},"142":{"start":{"line":335,"column":19},"end":{"line":335,"column":84}},"143":{"start":{"line":335,"column":28},"end":{"line":335,"column":84}}},"fnMap":{"0":{"name":"_getRequireWildcardCache","decl":{"start":{"line":8,"column":43},"end":{"line":8,"column":null}},"loc":{"start":{"line":8,"column":43},"end":{"line":8,"column":null}}},"1":{"name":"(anonymous_3)","decl":{"start":{"line":10,"column":28},"end":{"line":10,"column":30}},"loc":{"start":{"line":10,"column":35},"end":{"line":10,"column":37}}},"2":{"name":"(anonymous_4)","decl":{"start":{"line":24,"column":2},"end":{"line":24,"column":13}},"loc":{"start":{"line":34,"column":5},"end":{"line":79,"column":null}}},"3":{"name":"(anonymous_5)","decl":{"start":{"line":64,"column":11},"end":{"line":64,"column":15}},"loc":{"start":{"line":64,"column":20},"end":{"line":64,"column":51}}},"4":{"name":"(anonymous_6)","decl":{"start":{"line":65,"column":11},"end":{"line":65,"column":15}},"loc":{"start":{"line":65,"column":20},"end":{"line":68,"column":9}}},"5":{"name":"(anonymous_7)","decl":{"start":{"line":82,"column":2},"end":{"line":82,"column":6}},"loc":{"start":{"line":82,"column":20},"end":{"line":82,"column":null}}},"6":{"name":"(anonymous_8)","decl":{"start":{"line":84,"column":2},"end":{"line":84,"column":6}},"loc":{"start":{"line":84,"column":22},"end":{"line":84,"column":null}}},"7":{"name":"(anonymous_9)","decl":{"start":{"line":86,"column":2},"end":{"line":86,"column":6}},"loc":{"start":{"line":86,"column":17},"end":{"line":86,"column":null}}},"8":{"name":"(anonymous_10)","decl":{"start":{"line":91,"column":2},"end":{"line":91,"column":6}},"loc":{"start":{"line":91,"column":21},"end":{"line":91,"column":null}}},"9":{"name":"(anonymous_11)","decl":{"start":{"line":93,"column":2},"end":{"line":93,"column":6}},"loc":{"start":{"line":93,"column":18},"end":{"line":93,"column":null}}},"10":{"name":"(anonymous_12)","decl":{"start":{"line":95,"column":2},"end":{"line":95,"column":6}},"loc":{"start":{"line":95,"column":17},"end":{"line":95,"column":null}}},"11":{"name":"(anonymous_13)","decl":{"start":{"line":100,"column":2},"end":{"line":100,"column":6}},"loc":{"start":{"line":100,"column":17},"end":{"line":100,"column":null}}},"12":{"name":"(anonymous_14)","decl":{"start":{"line":102,"column":2},"end":{"line":102,"column":6}},"loc":{"start":{"line":102,"column":18},"end":{"line":102,"column":null}}},"13":{"name":"(anonymous_15)","decl":{"start":{"line":104,"column":2},"end":{"line":104,"column":5}},"loc":{"start":{"line":104,"column":12},"end":{"line":126,"column":null}}},"14":{"name":"(anonymous_16)","decl":{"start":{"line":135,"column":2},"end":{"line":135,"column":5}},"loc":{"start":{"line":135,"column":46},"end":{"line":143,"column":null}}},"15":{"name":"(anonymous_17)","decl":{"start":{"line":145,"column":2},"end":{"line":145,"column":5}},"loc":{"start":{"line":145,"column":12},"end":{"line":145,"column":null}}},"16":{"name":"(anonymous_18)","decl":{"start":{"line":147,"column":2},"end":{"line":147,"column":6}},"loc":{"start":{"line":147,"column":54},"end":{"line":184,"column":null}}},"17":{"name":"(anonymous_19)","decl":{"start":{"line":186,"column":2},"end":{"line":186,"column":8}},"loc":{"start":{"line":186,"column":50},"end":{"line":198,"column":null}}},"18":{"name":"(anonymous_20)","decl":{"start":{"line":200,"column":2},"end":{"line":200,"column":8}},"loc":{"start":{"line":200,"column":44},"end":{"line":208,"column":null}}},"19":{"name":"(anonymous_21)","decl":{"start":{"line":220,"column":2},"end":{"line":220,"column":6}},"loc":{"start":{"line":220,"column":72},"end":{"line":244,"column":null}}},"20":{"name":"(anonymous_22)","decl":{"start":{"line":246,"column":2},"end":{"line":246,"column":10}},"loc":{"start":{"line":246,"column":13},"end":{"line":248,"column":null}}},"21":{"name":"(anonymous_23)","decl":{"start":{"line":250,"column":2},"end":{"line":250,"column":8}},"loc":{"start":{"line":250,"column":69},"end":{"line":271,"column":null}}},"22":{"name":"(anonymous_24)","decl":{"start":{"line":264,"column":31},"end":{"line":264,"column":32}},"loc":{"start":{"line":264,"column":37},"end":{"line":264,"column":56}}},"23":{"name":"(anonymous_25)","decl":{"start":{"line":290,"column":2},"end":{"line":290,"column":12}},"loc":{"start":{"line":290,"column":28},"end":{"line":292,"column":null}}},"24":{"name":"(anonymous_26)","decl":{"start":{"line":322,"column":2},"end":{"line":322,"column":12}},"loc":{"start":{"line":322,"column":38},"end":{"line":330,"column":null}}},"25":{"name":"_addIndexes2","decl":{"start":{"line":331,"column":1},"end":{"line":331,"column":null}},"loc":{"start":{"line":273,"column":23},"end":{"line":284,"column":3}}},"26":{"name":"_dataToItem2","decl":{"start":{"line":284,"column":3},"end":{"line":284,"column":null}},"loc":{"start":{"line":294,"column":103},"end":{"line":312,"column":3}}},"27":{"name":"(anonymous_29)","decl":{"start":{"line":299,"column":32},"end":{"line":299,"column":39}},"loc":{"start":{"line":299,"column":39},"end":{"line":299,"column":102}}},"28":{"name":"_dataToList2","decl":{"start":{"line":312,"column":3},"end":{"line":312,"column":null}},"loc":{"start":{"line":314,"column":61},"end":{"line":320,"column":null}}},"29":{"name":"(anonymous_31)","decl":{"start":{"line":316,"column":18},"end":{"line":316,"column":22}},"loc":{"start":{"line":316,"column":27},"end":{"line":316,"column":48}}},"30":{"name":"(anonymous_32)","decl":{"start":{"line":318,"column":20},"end":{"line":318,"column":21}},"loc":{"start":{"line":318,"column":26},"end":{"line":318,"column":62}}},"31":{"name":"(anonymous_33)","decl":{"start":{"line":333,"column":19},"end":{"line":333,"column":24}},"loc":{"start":{"line":333,"column":29},"end":{"line":333,"column":71}}},"32":{"name":"(anonymous_34)","decl":{"start":{"line":333,"column":29},"end":{"line":333,"column":30}},"loc":{"start":{"line":333,"column":39},"end":{"line":333,"column":71}}},"33":{"name":"(anonymous_35)","decl":{"start":{"line":335,"column":19},"end":{"line":335,"column":23}},"loc":{"start":{"line":335,"column":28},"end":{"line":335,"column":84}}}},"branchMap":{"0":{"loc":{"start":{"line":8,"column":43},"end":{"line":8,"column":null}},"type":"if","locations":[{"start":{"line":8,"column":43},"end":{"line":8,"column":null}}]},"1":{"loc":{"start":{"line":8,"column":43},"end":{"line":8,"column":null}},"type":"cond-expr","locations":[{"start":{"line":8,"column":43},"end":{"line":8,"column":null}},{"start":{"line":8,"column":43},"end":{"line":8,"column":null}}]},"2":{"loc":{"start":{"line":8,"column":43},"end":{"line":8,"column":null}},"type":"binary-expr","locations":[{"start":{"line":8,"column":43},"end":{"line":8,"column":null}},{"start":{"line":8,"column":43},"end":{"line":8,"column":null}},{"start":{"line":8,"column":43},"end":{"line":8,"column":null}}]},"3":{"loc":{"start":{"line":25,"column":4},"end":{"line":25,"column":23}},"type":"default-arg","locations":[{"start":{"line":25,"column":18},"end":{"line":25,"column":23}}]},"4":{"loc":{"start":{"line":27,"column":4},"end":{"line":27,"column":16}},"type":"default-arg","locations":[{"start":{"line":27,"column":14},"end":{"line":27,"column":16}}]},"5":{"loc":{"start":{"line":28,"column":4},"end":{"line":28,"column":38}},"type":"default-arg","locations":[{"start":{"line":28,"column":36},"end":{"line":28,"column":38}}]},"6":{"loc":{"start":{"line":30,"column":4},"end":{"line":30,"column":14}},"type":"default-arg","locations":[{"start":{"line":30,"column":12},"end":{"line":30,"column":14}}]},"7":{"loc":{"start":{"line":31,"column":4},"end":{"line":31,"column":24}},"type":"default-arg","locations":[{"start":{"line":31,"column":19},"end":{"line":31,"column":24}}]},"8":{"loc":{"start":{"line":36,"column":21},"end":{"line":36,"column":78}},"type":"binary-expr","locations":[{"start":{"line":36,"column":21},"end":{"line":36,"column":29}},{"start":{"line":36,"column":34},"end":{"line":36,"column":53}},{"start":{"line":36,"column":57},"end":{"line":36,"column":78}}]},"9":{"loc":{"start":{"line":38,"column":28},"end":{"line":38,"column":69}},"type":"binary-expr","locations":[{"start":{"line":38,"column":28},"end":{"line":38,"column":38}},{"start":{"line":38,"column":42},"end":{"line":38,"column":69}}]},"10":{"loc":{"start":{"line":40,"column":4},"end":{"line":42,"column":null}},"type":"if","locations":[{"start":{"line":40,"column":4},"end":{"line":42,"column":null}}]},"11":{"loc":{"start":{"line":40,"column":8},"end":{"line":40,"column":58}},"type":"binary-expr","locations":[{"start":{"line":40,"column":8},"end":{"line":40,"column":29}},{"start":{"line":40,"column":33},"end":{"line":40,"column":38}},{"start":{"line":40,"column":42},"end":{"line":40,"column":58}}]},"12":{"loc":{"start":{"line":43,"column":4},"end":{"line":45,"column":null}},"type":"if","locations":[{"start":{"line":43,"column":4},"end":{"line":45,"column":null}}]},"13":{"loc":{"start":{"line":43,"column":8},"end":{"line":43,"column":42}},"type":"binary-expr","locations":[{"start":{"line":43,"column":8},"end":{"line":43,"column":29}},{"start":{"line":43,"column":33},"end":{"line":43,"column":42}}]},"14":{"loc":{"start":{"line":61,"column":4},"end":{"line":71,"column":null}},"type":"if","locations":[{"start":{"line":61,"column":4},"end":{"line":71,"column":null}}]},"15":{"loc":{"start":{"line":63,"column":25},"end":{"line":68,"column":9}},"type":"cond-expr","locations":[{"start":{"line":64,"column":11},"end":{"line":64,"column":51}},{"start":{"line":65,"column":11},"end":{"line":68,"column":9}}]},"16":{"loc":{"start":{"line":73,"column":4},"end":{"line":78,"column":null}},"type":"if","locations":[{"start":{"line":73,"column":4},"end":{"line":78,"column":null}},{"start":{"line":76,"column":9},"end":{"line":78,"column":null}}]},"17":{"loc":{"start":{"line":91,"column":30},"end":{"line":91,"column":86}},"type":"binary-expr","locations":[{"start":{"line":91,"column":30},"end":{"line":91,"column":64}},{"start":{"line":91,"column":68},"end":{"line":91,"column":86}}]},"18":{"loc":{"start":{"line":109,"column":4},"end":{"line":111,"column":null}},"type":"if","locations":[{"start":{"line":109,"column":4},"end":{"line":111,"column":null}}]},"19":{"loc":{"start":{"line":109,"column":8},"end":{"line":109,"column":47}},"type":"binary-expr","locations":[{"start":{"line":109,"column":8},"end":{"line":109,"column":31}},{"start":{"line":109,"column":35},"end":{"line":109,"column":47}}]},"20":{"loc":{"start":{"line":114,"column":4},"end":{"line":114,"column":null}},"type":"if","locations":[{"start":{"line":114,"column":4},"end":{"line":114,"column":null}}]},"21":{"loc":{"start":{"line":117,"column":4},"end":{"line":119,"column":null}},"type":"if","locations":[{"start":{"line":117,"column":4},"end":{"line":119,"column":null}}]},"22":{"loc":{"start":{"line":121,"column":4},"end":{"line":123,"column":null}},"type":"if","locations":[{"start":{"line":121,"column":4},"end":{"line":123,"column":null}}]},"23":{"loc":{"start":{"line":135,"column":10},"end":{"line":135,"column":44}},"type":"default-arg","locations":[{"start":{"line":135,"column":42},"end":{"line":135,"column":44}}]},"24":{"loc":{"start":{"line":137,"column":4},"end":{"line":140,"column":null}},"type":"if","locations":[{"start":{"line":137,"column":4},"end":{"line":140,"column":null}}]},"25":{"loc":{"start":{"line":137,"column":8},"end":{"line":137,"column":57}},"type":"binary-expr","locations":[{"start":{"line":137,"column":8},"end":{"line":137,"column":35}},{"start":{"line":137,"column":39},"end":{"line":137,"column":57}}]},"26":{"loc":{"start":{"line":142,"column":52},"end":{"line":142,"column":65}},"type":"binary-expr","locations":[{"start":{"line":142,"column":52},"end":{"line":142,"column":59}},{"start":{"line":142,"column":63},"end":{"line":142,"column":65}}]},"27":{"loc":{"start":{"line":147,"column":7},"end":{"line":147,"column":52}},"type":"default-arg","locations":[{"start":{"line":147,"column":50},"end":{"line":147,"column":52}}]},"28":{"loc":{"start":{"line":147,"column":9},"end":{"line":147,"column":28}},"type":"default-arg","locations":[{"start":{"line":147,"column":23},"end":{"line":147,"column":28}}]},"29":{"loc":{"start":{"line":150,"column":6},"end":{"line":152,"column":null}},"type":"if","locations":[{"start":{"line":150,"column":6},"end":{"line":152,"column":null}}]},"30":{"loc":{"start":{"line":150,"column":10},"end":{"line":150,"column":48}},"type":"binary-expr","locations":[{"start":{"line":150,"column":10},"end":{"line":150,"column":25}},{"start":{"line":150,"column":29},"end":{"line":150,"column":48}}]},"31":{"loc":{"start":{"line":155,"column":6},"end":{"line":168,"column":null}},"type":"if","locations":[{"start":{"line":155,"column":6},"end":{"line":168,"column":null}}]},"32":{"loc":{"start":{"line":157,"column":10},"end":{"line":157,"column":96}},"type":"binary-expr","locations":[{"start":{"line":157,"column":10},"end":{"line":157,"column":20}},{"start":{"line":157,"column":10},"end":{"line":157,"column":20}},{"start":{"line":157,"column":10},"end":{"line":157,"column":96}}]},"33":{"loc":{"start":{"line":160,"column":10},"end":{"line":160,"column":38}},"type":"binary-expr","locations":[{"start":{"line":160,"column":10},"end":{"line":160,"column":20}},{"start":{"line":160,"column":10},"end":{"line":160,"column":20}},{"start":{"line":160,"column":10},"end":{"line":160,"column":38}}]},"34":{"loc":{"start":{"line":163,"column":10},"end":{"line":165,"column":null}},"type":"if","locations":[{"start":{"line":163,"column":10},"end":{"line":165,"column":null}}]},"35":{"loc":{"start":{"line":163,"column":14},"end":{"line":163,"column":57}},"type":"binary-expr","locations":[{"start":{"line":163,"column":14},"end":{"line":163,"column":34}},{"start":{"line":163,"column":38},"end":{"line":163,"column":57}}]},"36":{"loc":{"start":{"line":170,"column":6},"end":{"line":176,"column":null}},"type":"if","locations":[{"start":{"line":170,"column":6},"end":{"line":176,"column":null}}]},"37":{"loc":{"start":{"line":171,"column":8},"end":{"line":171,"column":59}},"type":"binary-expr","locations":[{"start":{"line":171,"column":8},"end":{"line":171,"column":18}},{"start":{"line":171,"column":8},"end":{"line":171,"column":18}},{"start":{"line":171,"column":8},"end":{"line":171,"column":59}}]},"38":{"loc":{"start":{"line":180,"column":11},"end":{"line":180,"column":66}},"type":"cond-expr","locations":[{"start":{"line":180,"column":36},"end":{"line":180,"column":38}},{"start":{"line":180,"column":42},"end":{"line":180,"column":66}}]},"39":{"loc":{"start":{"line":186,"column":15},"end":{"line":186,"column":48}},"type":"default-arg","locations":[{"start":{"line":186,"column":46},"end":{"line":186,"column":48}}]},"40":{"loc":{"start":{"line":186,"column":17},"end":{"line":186,"column":32}},"type":"default-arg","locations":[{"start":{"line":186,"column":27},"end":{"line":186,"column":32}}]},"41":{"loc":{"start":{"line":189,"column":4},"end":{"line":191,"column":null}},"type":"if","locations":[{"start":{"line":189,"column":4},"end":{"line":191,"column":null}}]},"42":{"loc":{"start":{"line":195,"column":4},"end":{"line":195,"column":null}},"type":"if","locations":[{"start":{"line":195,"column":4},"end":{"line":195,"column":null}}]},"43":{"loc":{"start":{"line":200,"column":17},"end":{"line":200,"column":42}},"type":"default-arg","locations":[{"start":{"line":200,"column":40},"end":{"line":200,"column":42}}]},"44":{"loc":{"start":{"line":200,"column":19},"end":{"line":200,"column":36}},"type":"default-arg","locations":[{"start":{"line":200,"column":30},"end":{"line":200,"column":36}}]},"45":{"loc":{"start":{"line":203,"column":4},"end":{"line":205,"column":null}},"type":"if","locations":[{"start":{"line":203,"column":4},"end":{"line":205,"column":null}}]},"46":{"loc":{"start":{"line":203,"column":8},"end":{"line":203,"column":47}},"type":"binary-expr","locations":[{"start":{"line":203,"column":8},"end":{"line":203,"column":25}},{"start":{"line":203,"column":29},"end":{"line":203,"column":47}}]},"47":{"loc":{"start":{"line":220,"column":7},"end":{"line":220,"column":70}},"type":"default-arg","locations":[{"start":{"line":220,"column":68},"end":{"line":220,"column":70}}]},"48":{"loc":{"start":{"line":220,"column":24},"end":{"line":220,"column":44}},"type":"default-arg","locations":[{"start":{"line":220,"column":31},"end":{"line":220,"column":44}}]},"49":{"loc":{"start":{"line":222,"column":4},"end":{"line":232,"column":null}},"type":"if","locations":[{"start":{"line":222,"column":4},"end":{"line":232,"column":null}},{"start":{"line":227,"column":9},"end":{"line":232,"column":null}}]},"50":{"loc":{"start":{"line":236,"column":4},"end":{"line":241,"column":null}},"type":"if","locations":[{"start":{"line":236,"column":4},"end":{"line":241,"column":null}},{"start":{"line":239,"column":9},"end":{"line":241,"column":null}}]},"51":{"loc":{"start":{"line":239,"column":9},"end":{"line":241,"column":null}},"type":"if","locations":[{"start":{"line":239,"column":9},"end":{"line":241,"column":null}}]},"52":{"loc":{"start":{"line":250,"column":13},"end":{"line":250,"column":67}},"type":"default-arg","locations":[{"start":{"line":250,"column":65},"end":{"line":250,"column":67}}]},"53":{"loc":{"start":{"line":250,"column":15},"end":{"line":250,"column":40}},"type":"default-arg","locations":[{"start":{"line":250,"column":23},"end":{"line":250,"column":40}}]},"54":{"loc":{"start":{"line":250,"column":42},"end":{"line":250,"column":61}},"type":"default-arg","locations":[{"start":{"line":250,"column":55},"end":{"line":250,"column":61}}]},"55":{"loc":{"start":{"line":251,"column":4},"end":{"line":253,"column":null}},"type":"if","locations":[{"start":{"line":251,"column":4},"end":{"line":253,"column":null}}]},"56":{"loc":{"start":{"line":255,"column":4},"end":{"line":260,"column":null}},"type":"if","locations":[{"start":{"line":255,"column":4},"end":{"line":260,"column":null}}]},"57":{"loc":{"start":{"line":255,"column":8},"end":{"line":255,"column":58}},"type":"binary-expr","locations":[{"start":{"line":255,"column":8},"end":{"line":255,"column":35}},{"start":{"line":255,"column":39},"end":{"line":255,"column":58}}]},"58":{"loc":{"start":{"line":257,"column":6},"end":{"line":259,"column":null}},"type":"if","locations":[{"start":{"line":257,"column":6},"end":{"line":259,"column":null}}]},"59":{"loc":{"start":{"line":263,"column":4},"end":{"line":265,"column":null}},"type":"if","locations":[{"start":{"line":263,"column":4},"end":{"line":265,"column":null}}]},"60":{"loc":{"start":{"line":267,"column":23},"end":{"line":269,"column":44}},"type":"cond-expr","locations":[{"start":{"line":268,"column":8},"end":{"line":268,"column":27}},{"start":{"line":269,"column":8},"end":{"line":269,"column":44}}]},"61":{"loc":{"start":{"line":324,"column":4},"end":{"line":329,"column":null}},"type":"if","locations":[{"start":{"line":324,"column":4},"end":{"line":329,"column":null}},{"start":{"line":327,"column":9},"end":{"line":329,"column":null}}]},"62":{"loc":{"start":{"line":328,"column":52},"end":{"line":328,"column":65}},"type":"binary-expr","locations":[{"start":{"line":328,"column":52},"end":{"line":328,"column":59}},{"start":{"line":328,"column":63},"end":{"line":328,"column":65}}]},"63":{"loc":{"start":{"line":294,"column":20},"end":{"line":294,"column":101}},"type":"default-arg","locations":[{"start":{"line":294,"column":99},"end":{"line":294,"column":101}}]},"64":{"loc":{"start":{"line":294,"column":22},"end":{"line":294,"column":35}},"type":"default-arg","locations":[{"start":{"line":294,"column":30},"end":{"line":294,"column":35}}]},"65":{"loc":{"start":{"line":294,"column":37},"end":{"line":294,"column":53}},"type":"default-arg","locations":[{"start":{"line":294,"column":48},"end":{"line":294,"column":53}}]},"66":{"loc":{"start":{"line":294,"column":55},"end":{"line":294,"column":70}},"type":"default-arg","locations":[{"start":{"line":294,"column":65},"end":{"line":294,"column":70}}]},"67":{"loc":{"start":{"line":295,"column":4},"end":{"line":297,"column":null}},"type":"if","locations":[{"start":{"line":295,"column":4},"end":{"line":297,"column":null}}]},"68":{"loc":{"start":{"line":295,"column":8},"end":{"line":295,"column":43}},"type":"binary-expr","locations":[{"start":{"line":295,"column":8},"end":{"line":295,"column":22}},{"start":{"line":295,"column":26},"end":{"line":295,"column":43}}]},"69":{"loc":{"start":{"line":298,"column":4},"end":{"line":301,"column":null}},"type":"if","locations":[{"start":{"line":298,"column":4},"end":{"line":301,"column":null}}]},"70":{"loc":{"start":{"line":298,"column":8},"end":{"line":298,"column":47}},"type":"binary-expr","locations":[{"start":{"line":298,"column":8},"end":{"line":298,"column":25}},{"start":{"line":298,"column":29},"end":{"line":298,"column":47}}]},"71":{"loc":{"start":{"line":299,"column":18},"end":{"line":299,"column":103}},"type":"binary-expr","locations":[{"start":{"line":299,"column":18},"end":{"line":299,"column":27}},{"start":{"line":299,"column":32},"end":{"line":299,"column":102}}]},"72":{"loc":{"start":{"line":299,"column":79},"end":{"line":299,"column":100}},"type":"cond-expr","locations":[{"start":{"line":299,"column":85},"end":{"line":299,"column":94}},{"start":{"line":299,"column":97},"end":{"line":299,"column":100}}]},"73":{"loc":{"start":{"line":303,"column":4},"end":{"line":303,"column":null}},"type":"if","locations":[{"start":{"line":303,"column":4},"end":{"line":303,"column":null}}]},"74":{"loc":{"start":{"line":304,"column":4},"end":{"line":309,"column":null}},"type":"if","locations":[{"start":{"line":304,"column":4},"end":{"line":309,"column":null}}]},"75":{"loc":{"start":{"line":308,"column":13},"end":{"line":308,"column":59}},"type":"cond-expr","locations":[{"start":{"line":308,"column":30},"end":{"line":308,"column":52}},{"start":{"line":308,"column":55},"end":{"line":308,"column":59}}]},"76":{"loc":{"start":{"line":314,"column":20},"end":{"line":314,"column":59}},"type":"default-arg","locations":[{"start":{"line":314,"column":57},"end":{"line":314,"column":59}}]},"77":{"loc":{"start":{"line":314,"column":22},"end":{"line":314,"column":35}},"type":"default-arg","locations":[{"start":{"line":314,"column":30},"end":{"line":314,"column":35}}]},"78":{"loc":{"start":{"line":314,"column":37},"end":{"line":314,"column":53}},"type":"default-arg","locations":[{"start":{"line":314,"column":47},"end":{"line":314,"column":53}}]},"79":{"loc":{"start":{"line":315,"column":11},"end":{"line":319,"column":31}},"type":"cond-expr","locations":[{"start":{"line":316,"column":8},"end":{"line":316,"column":49}},{"start":{"line":317,"column":8},"end":{"line":319,"column":31}}]},"80":{"loc":{"start":{"line":317,"column":8},"end":{"line":319,"column":31}},"type":"cond-expr","locations":[{"start":{"line":318,"column":10},"end":{"line":318,"column":63}},{"start":{"line":319,"column":10},"end":{"line":319,"column":31}}]},"81":{"loc":{"start":{"line":317,"column":8},"end":{"line":317,"column":42}},"type":"binary-expr","locations":[{"start":{"line":317,"column":8},"end":{"line":317,"column":22}},{"start":{"line":317,"column":26},"end":{"line":317,"column":42}}]},"82":{"loc":{"start":{"line":335,"column":28},"end":{"line":335,"column":84}},"type":"cond-expr","locations":[{"start":{"line":335,"column":51},"end":{"line":335,"column":60}},{"start":{"line":335,"column":63},"end":{"line":335,"column":84}}]}},"s":{"0":2,"1":2,"2":2,"3":2,"4":2,"5":212,"6":2,"7":1,"8":2,"9":168,"10":28,"11":28,"12":28,"13":28,"14":1,"15":27,"16":1,"17":26,"18":26,"19":26,"20":26,"21":26,"22":18,"23":18,"24":0,"25":0,"26":13,"27":13,"28":18,"29":18,"30":26,"31":11,"32":15,"33":22,"34":0,"35":0,"36":43,"37":9,"38":4,"39":107,"40":42,"41":27,"42":27,"43":27,"44":27,"45":2,"46":25,"47":17,"48":25,"49":1,"50":24,"51":1,"52":23,"53":17,"54":17,"55":0,"56":0,"57":17,"58":28,"59":28,"60":28,"61":28,"62":0,"63":28,"64":13,"65":13,"66":13,"67":11,"68":2,"69":1,"70":27,"71":26,"72":26,"73":26,"74":27,"75":5,"76":5,"77":4,"78":4,"79":4,"80":0,"81":4,"82":4,"83":0,"84":4,"85":0,"86":0,"87":0,"88":0,"89":0,"90":13,"91":13,"92":0,"93":0,"94":0,"95":13,"96":13,"97":0,"98":13,"99":13,"100":13,"101":26,"102":5,"103":0,"104":5,"105":1,"106":1,"107":1,"108":4,"109":4,"110":4,"111":4,"112":4,"113":4,"114":9,"115":2,"116":2,"117":1,"118":1,"119":26,"120":2,"121":2,"122":2,"123":18,"124":0,"125":18,"126":1,"127":1,"128":1,"129":17,"130":0,"131":17,"132":8,"133":8,"134":8,"135":9,"136":14,"137":0,"138":6,"139":2,"140":13,"141":0,"142":2,"143":31},"f":{"0":6,"1":1,"2":28,"3":0,"4":13,"5":22,"6":0,"7":0,"8":43,"9":9,"10":4,"11":107,"12":42,"13":27,"14":17,"15":28,"16":28,"17":4,"18":0,"19":13,"20":26,"21":5,"22":4,"23":9,"24":2,"25":26,"26":18,"27":1,"28":14,"29":0,"30":6,"31":13,"32":0,"33":31},"b":{"0":[62],"1":[130,132],"2":[66,66,64],"3":[27],"4":[27],"5":[28],"6":[12],"7":[14],"8":[28,15,15],"9":[28,0],"10":[1],"11":[28,13,13],"12":[1],"13":[27,12],"14":[18],"15":[0,18],"16":[11,15],"17":[43,3],"18":[2],"19":[27,18],"20":[17],"21":[1],"22":[1],"23":[5],"24":[0],"25":[17,0],"26":[17,0],"27":[2],"28":[17],"29":[0],"30":[28,14],"31":[13],"32":[13,13,0],"33":[11,11,0],"34":[1],"35":[2,1],"36":[26],"37":[26,26,0],"38":[4,1],"39":[4],"40":[4],"41":[0],"42":[0],"43":[0],"44":[0],"45":[0],"46":[0,0],"47":[0],"48":[13],"49":[13,0],"50":[0,13],"51":[13],"52":[3],"53":[3],"54":[5],"55":[0],"56":[1],"57":[5,1],"58":[1],"59":[4],"60":[1,3],"61":[1,1],"62":[1,0],"63":[0],"64":[15],"65":[17],"66":[10],"67":[0],"68":[18,3],"69":[1],"70":[18,1],"71":[1,1],"72":[1,0],"73":[0],"74":[8],"75":[3,5],"76":[0],"77":[9],"78":[0],"79":[0,14],"80":[5,9],"81":[14,5],"82":[0,31]}}
,"/Users/zane/.liq/playground/liquid-labs/resource-model/src/ListManager.js": {"path":"/Users/zane/.liq/playground/liquid-labs/resource-model/src/ListManager.js","statementMap":{"0":{"start":{"line":1,"column":0},"end":{"line":1,"column":51}},"1":{"start":{"line":27,"column":17},"end":{"line":295,"column":null}},"2":{"start":{"line":43,"column":80},"end":{"line":43,"column":null}},"3":{"start":{"line":43,"column":80},"end":{"line":28,"column":null}},"4":{"start":{"line":28,"column":18},"end":{"line":29,"column":null}},"5":{"start":{"line":29,"column":17},"end":{"line":29,"column":null}},"6":{"start":{"line":44,"column":4},"end":{"line":44,"column":null}},"7":{"start":{"line":45,"column":4},"end":{"line":45,"column":null}},"8":{"start":{"line":46,"column":4},"end":{"line":50,"column":null}},"9":{"start":{"line":51,"column":4},"end":{"line":51,"column":null}},"10":{"start":{"line":54,"column":19},"end":{"line":54,"column":41}},"11":{"start":{"line":71,"column":4},"end":{"line":73,"column":null}},"12":{"start":{"line":72,"column":6},"end":{"line":72,"column":null}},"13":{"start":{"line":74,"column":4},"end":{"line":76,"column":null}},"14":{"start":{"line":75,"column":6},"end":{"line":75,"column":null}},"15":{"start":{"line":77,"column":4},"end":{"line":79,"column":null}},"16":{"start":{"line":78,"column":6},"end":{"line":78,"column":null}},"17":{"start":{"line":81,"column":4},"end":{"line":81,"column":null}},"18":{"start":{"line":98,"column":17},"end":{"line":98,"column":34}},"19":{"start":{"line":99,"column":4},"end":{"line":101,"column":null}},"20":{"start":{"line":100,"column":6},"end":{"line":100,"column":null}},"21":{"start":{"line":103,"column":4},"end":{"line":103,"column":null}},"22":{"start":{"line":138,"column":52},"end":{"line":138,"column":93}},"23":{"start":{"line":139,"column":18},"end":{"line":139,"column":34}},"24":{"start":{"line":141,"column":4},"end":{"line":144,"column":null}},"25":{"start":{"line":142,"column":6},"end":{"line":142,"column":null}},"26":{"start":{"line":143,"column":6},"end":{"line":143,"column":null}},"27":{"start":{"line":146,"column":4},"end":{"line":167,"column":null}},"28":{"start":{"line":147,"column":6},"end":{"line":149,"column":null}},"29":{"start":{"line":147,"column":29},"end":{"line":147,"column":null}},"30":{"start":{"line":148,"column":11},"end":{"line":149,"column":null}},"31":{"start":{"line":148,"column":33},"end":{"line":148,"column":null}},"32":{"start":{"line":149,"column":11},"end":{"line":149,"column":null}},"33":{"start":{"line":152,"column":6},"end":{"line":166,"column":null}},"34":{"start":{"line":153,"column":8},"end":{"line":153,"column":null}},"35":{"start":{"line":155,"column":11},"end":{"line":166,"column":null}},"36":{"start":{"line":156,"column":8},"end":{"line":156,"column":null}},"37":{"start":{"line":156,"column":32},"end":{"line":156,"column":50}},"38":{"start":{"line":158,"column":11},"end":{"line":166,"column":null}},"39":{"start":{"line":159,"column":8},"end":{"line":159,"column":null}},"40":{"start":{"line":161,"column":11},"end":{"line":166,"column":null}},"41":{"start":{"line":162,"column":8},"end":{"line":162,"column":null}},"42":{"start":{"line":165,"column":8},"end":{"line":165,"column":null}},"43":{"start":{"line":165,"column":32},"end":{"line":165,"column":50}},"44":{"start":{"line":171,"column":4},"end":{"line":175,"column":null}},"45":{"start":{"line":172,"column":6},"end":{"line":174,"column":null}},"46":{"start":{"line":173,"column":8},"end":{"line":173,"column":null}},"47":{"start":{"line":177,"column":18},"end":{"line":177,"column":20}},"48":{"start":{"line":178,"column":4},"end":{"line":178,"column":null}},"49":{"start":{"line":179,"column":4},"end":{"line":179,"column":null}},"50":{"start":{"line":180,"column":4},"end":{"line":182,"column":null}},"51":{"start":{"line":181,"column":6},"end":{"line":181,"column":null}},"52":{"start":{"line":183,"column":4},"end":{"line":183,"column":null}},"53":{"start":{"line":185,"column":4},"end":{"line":185,"column":null}},"54":{"start":{"line":188,"column":19},"end":{"line":188,"column":57}},"55":{"start":{"line":190,"column":25},"end":{"line":190,"column":68}},"56":{"start":{"line":192,"column":25},"end":{"line":192,"column":56}},"57":{"start":{"line":195,"column":22},"end":{"line":195,"column":101}},"58":{"start":{"line":196,"column":4},"end":{"line":201,"column":null}},"59":{"start":{"line":205,"column":4},"end":{"line":211,"column":null}},"60":{"start":{"line":215,"column":4},"end":{"line":215,"column":null}},"61":{"start":{"line":217,"column":4},"end":{"line":222,"column":null}},"62":{"start":{"line":229,"column":4},"end":{"line":229,"column":null}},"63":{"start":{"line":230,"column":4},"end":{"line":230,"column":null}},"64":{"start":{"line":236,"column":4},"end":{"line":236,"column":null}},"65":{"start":{"line":239,"column":22},"end":{"line":239,"column":68}},"66":{"start":{"line":239,"column":51},"end":{"line":239,"column":67}},"67":{"start":{"line":240,"column":4},"end":{"line":240,"column":null}},"68":{"start":{"line":242,"column":4},"end":{"line":249,"column":null}},"69":{"start":{"line":254,"column":4},"end":{"line":254,"column":null}},"70":{"start":{"line":256,"column":4},"end":{"line":271,"column":null}},"71":{"start":{"line":257,"column":24},"end":{"line":257,"column":70}},"72":{"start":{"line":257,"column":53},"end":{"line":257,"column":69}},"73":{"start":{"line":258,"column":6},"end":{"line":258,"column":null}},"74":{"start":{"line":260,"column":6},"end":{"line":267,"column":null}},"75":{"start":{"line":270,"column":6},"end":{"line":270,"column":null}},"76":{"start":{"line":275,"column":22},"end":{"line":277,"column":67}},"77":{"start":{"line":277,"column":40},"end":{"line":277,"column":66}},"78":{"start":{"line":278,"column":4},"end":{"line":283,"column":null}},"79":{"start":{"line":279,"column":18},"end":{"line":281,"column":42}},"80":{"start":{"line":282,"column":6},"end":{"line":282,"column":null}},"81":{"start":{"line":284,"column":4},"end":{"line":284,"column":null}},"82":{"start":{"line":288,"column":4},"end":{"line":288,"column":40}},"83":{"start":{"line":292,"column":4},"end":{"line":292,"column":null}},"84":{"start":{"line":292,"column":28},"end":{"line":292,"column":54}},"85":{"start":{"line":293,"column":4},"end":{"line":293,"column":null}},"86":{"start":{"line":301,"column":24},"end":{"line":305,"column":1}},"87":{"start":{"line":302,"column":2},"end":{"line":304,"column":null}},"88":{"start":{"line":303,"column":4},"end":{"line":303,"column":null}},"89":{"start":{"line":307,"column":28},"end":{"line":314,"column":1}},"90":{"start":{"line":308,"column":2},"end":{"line":313,"column":null}},"91":{"start":{"line":309,"column":27},"end":{"line":309,"column":67}},"92":{"start":{"line":309,"column":67},"end":{"line":309,"column":null}},"93":{"start":{"line":310,"column":28},"end":{"line":310,"column":69}},"94":{"start":{"line":310,"column":69},"end":{"line":310,"column":null}},"95":{"start":{"line":312,"column":11},"end":{"line":312,"column":null}},"96":{"start":{"line":316,"column":29},"end":{"line":322,"column":1}},"97":{"start":{"line":319,"column":2},"end":{"line":321,"column":null}},"98":{"start":{"line":320,"column":4},"end":{"line":320,"column":null}},"99":{"start":{"line":325,"column":24},"end":{"line":328,"column":1}},"100":{"start":{"line":326,"column":2},"end":{"line":326,"column":null}},"101":{"start":{"line":327,"column":2},"end":{"line":327,"column":null}},"102":{"start":{"line":327,"column":35},"end":{"line":327,"column":68}},"103":{"start":{"line":327,"column":68},"end":{"line":327,"column":82}},"104":{"start":{"line":330,"column":25},"end":{"line":339,"column":1}},"105":{"start":{"line":331,"column":2},"end":{"line":331,"column":null}},"106":{"start":{"line":332,"column":2},"end":{"line":338,"column":null}},"107":{"start":{"line":333,"column":23},"end":{"line":333,"column":39}},"108":{"start":{"line":334,"column":17},"end":{"line":334,"column":41}},"109":{"start":{"line":335,"column":4},"end":{"line":335,"column":null}},"110":{"start":{"line":336,"column":4},"end":{"line":336,"column":null}},"111":{"start":{"line":337,"column":4},"end":{"line":337,"column":null}},"112":{"start":{"line":344,"column":20},"end":{"line":346,"column":1}},"113":{"start":{"line":345,"column":2},"end":{"line":345,"column":null}},"114":{"start":{"line":351,"column":21},"end":{"line":356,"column":1}},"115":{"start":{"line":352,"column":21},"end":{"line":352,"column":37}},"116":{"start":{"line":353,"column":15},"end":{"line":353,"column":38}},"117":{"start":{"line":354,"column":2},"end":{"line":354,"column":null}},"118":{"start":{"line":355,"column":2},"end":{"line":355,"column":null}},"119":{"start":{"line":361,"column":23},"end":{"line":368,"column":1}},"120":{"start":{"line":362,"column":2},"end":{"line":366,"column":null}},"121":{"start":{"line":364,"column":21},"end":{"line":364,"column":46}},"122":{"start":{"line":365,"column":4},"end":{"line":365,"column":null}},"123":{"start":{"line":367,"column":2},"end":{"line":367,"column":null}},"124":{"start":{"line":373,"column":24},"end":{"line":383,"column":1}},"125":{"start":{"line":374,"column":48},"end":{"line":374,"column":107}},"126":{"start":{"line":375,"column":2},"end":{"line":382,"column":null}},"127":{"start":{"line":377,"column":4},"end":{"line":377,"column":null}},"128":{"start":{"line":380,"column":4},"end":{"line":380,"column":null}},"129":{"start":{"line":381,"column":4},"end":{"line":381,"column":null}},"130":{"start":{"line":390,"column":23},"end":{"line":394,"column":1}},"131":{"start":{"line":391,"column":19},"end":{"line":391,"column":44}},"132":{"start":{"line":393,"column":2},"end":{"line":393,"column":null}},"133":{"start":{"line":401,"column":24},"end":{"line":407,"column":1}},"134":{"start":{"line":402,"column":38},"end":{"line":402,"column":97}},"135":{"start":{"line":403,"column":2},"end":{"line":403,"column":null}},"136":{"start":{"line":404,"column":2},"end":{"line":406,"column":null}},"137":{"start":{"line":405,"column":4},"end":{"line":405,"column":null}},"138":{"start":{"line":412,"column":20},"end":{"line":422,"column":1}},"139":{"start":{"line":413,"column":19},"end":{"line":413,"column":42}},"140":{"start":{"line":415,"column":25},"end":{"line":415,"column":45}},"141":{"start":{"line":416,"column":19},"end":{"line":416,"column":40}},"142":{"start":{"line":419,"column":24},"end":{"line":419,"column":85}},"143":{"start":{"line":419,"column":50},"end":{"line":419,"column":84}},"144":{"start":{"line":421,"column":2},"end":{"line":421,"column":null}}},"fnMap":{"0":{"name":"(anonymous_0)","decl":{"start":{"line":43,"column":2},"end":{"line":43,"column":13}},"loc":{"start":{"line":43,"column":80},"end":{"line":52,"column":null}}},"1":{"name":"(anonymous_1)","decl":{"start":{"line":54,"column":2},"end":{"line":54,"column":6}},"loc":{"start":{"line":54,"column":17},"end":{"line":54,"column":null}}},"2":{"name":"(anonymous_2)","decl":{"start":{"line":70,"column":2},"end":{"line":70,"column":10}},"loc":{"start":{"line":70,"column":50},"end":{"line":82,"column":null}}},"3":{"name":"(anonymous_3)","decl":{"start":{"line":97,"column":2},"end":{"line":97,"column":9}},"loc":{"start":{"line":97,"column":87},"end":{"line":104,"column":null}}},"4":{"name":"(anonymous_4)","decl":{"start":{"line":127,"column":2},"end":{"line":127,"column":12}},"loc":{"start":{"line":136,"column":5},"end":{"line":168,"column":null}}},"5":{"name":"(anonymous_5)","decl":{"start":{"line":156,"column":26},"end":{"line":156,"column":27}},"loc":{"start":{"line":156,"column":32},"end":{"line":156,"column":50}}},"6":{"name":"(anonymous_6)","decl":{"start":{"line":165,"column":26},"end":{"line":165,"column":27}},"loc":{"start":{"line":165,"column":32},"end":{"line":165,"column":50}}},"7":{"name":"(anonymous_7)","decl":{"start":{"line":170,"column":2},"end":{"line":170,"column":10}},"loc":{"start":{"line":170,"column":22},"end":{"line":186,"column":null}}},"8":{"name":"(anonymous_8)","decl":{"start":{"line":188,"column":2},"end":{"line":188,"column":10}},"loc":{"start":{"line":188,"column":17},"end":{"line":188,"column":null}}},"9":{"name":"(anonymous_9)","decl":{"start":{"line":190,"column":2},"end":{"line":190,"column":20}},"loc":{"start":{"line":190,"column":23},"end":{"line":190,"column":null}}},"10":{"name":"(anonymous_10)","decl":{"start":{"line":192,"column":2},"end":{"line":192,"column":20}},"loc":{"start":{"line":192,"column":23},"end":{"line":192,"column":null}}},"11":{"name":"(anonymous_11)","decl":{"start":{"line":194,"column":2},"end":{"line":194,"column":9}},"loc":{"start":{"line":194,"column":23},"end":{"line":202,"column":null}}},"12":{"name":"(anonymous_12)","decl":{"start":{"line":204,"column":2},"end":{"line":204,"column":12}},"loc":{"start":{"line":204,"column":15},"end":{"line":212,"column":null}}},"13":{"name":"(anonymous_13)","decl":{"start":{"line":214,"column":2},"end":{"line":214,"column":9}},"loc":{"start":{"line":214,"column":16},"end":{"line":223,"column":null}}},"14":{"name":"(anonymous_14)","decl":{"start":{"line":228,"column":2},"end":{"line":228,"column":10}},"loc":{"start":{"line":228,"column":13},"end":{"line":231,"column":null}}},"15":{"name":"(anonymous_15)","decl":{"start":{"line":233,"column":2},"end":{"line":233,"column":12}},"loc":{"start":{"line":233,"column":19},"end":{"line":250,"column":null}}},"16":{"name":"(anonymous_16)","decl":{"start":{"line":239,"column":45},"end":{"line":239,"column":46}},"loc":{"start":{"line":239,"column":51},"end":{"line":239,"column":67}}},"17":{"name":"(anonymous_17)","decl":{"start":{"line":252,"column":2},"end":{"line":252,"column":12}},"loc":{"start":{"line":252,"column":19},"end":{"line":272,"column":null}}},"18":{"name":"(anonymous_18)","decl":{"start":{"line":257,"column":47},"end":{"line":257,"column":48}},"loc":{"start":{"line":257,"column":53},"end":{"line":257,"column":69}}},"19":{"name":"_getIndexSpec2","decl":{"start":{"line":297,"column":0},"end":{"line":297,"column":null}},"loc":{"start":{"line":274,"column":29},"end":{"line":285,"column":3}}},"20":{"name":"(anonymous_20)","decl":{"start":{"line":277,"column":31},"end":{"line":277,"column":35}},"loc":{"start":{"line":277,"column":40},"end":{"line":277,"column":66}}},"21":{"name":"_getIdIndexKey2","decl":{"start":{"line":285,"column":3},"end":{"line":285,"column":null}},"loc":{"start":{"line":287,"column":19},"end":{"line":289,"column":3}}},"22":{"name":"_annotateList2","decl":{"start":{"line":289,"column":3},"end":{"line":289,"column":null}},"loc":{"start":{"line":291,"column":22},"end":{"line":294,"column":null}}},"23":{"name":"(anonymous_23)","decl":{"start":{"line":292,"column":20},"end":{"line":292,"column":23}},"loc":{"start":{"line":292,"column":28},"end":{"line":292,"column":54}}},"24":{"name":"(anonymous_24)","decl":{"start":{"line":301,"column":24},"end":{"line":301,"column":25}},"loc":{"start":{"line":301,"column":30},"end":{"line":305,"column":1}}},"25":{"name":"(anonymous_25)","decl":{"start":{"line":307,"column":28},"end":{"line":307,"column":29}},"loc":{"start":{"line":307,"column":83},"end":{"line":314,"column":1}}},"26":{"name":"(anonymous_26)","decl":{"start":{"line":316,"column":29},"end":{"line":316,"column":30}},"loc":{"start":{"line":316,"column":58},"end":{"line":322,"column":1}}},"27":{"name":"(anonymous_27)","decl":{"start":{"line":325,"column":24},"end":{"line":325,"column":25}},"loc":{"start":{"line":325,"column":58},"end":{"line":328,"column":1}}},"28":{"name":"(anonymous_28)","decl":{"start":{"line":327,"column":15},"end":{"line":327,"column":16}},"loc":{"start":{"line":327,"column":33},"end":{"line":327,"column":83}}},"29":{"name":"(anonymous_29)","decl":{"start":{"line":330,"column":25},"end":{"line":330,"column":26}},"loc":{"start":{"line":330,"column":59},"end":{"line":339,"column":1}}},"30":{"name":"(anonymous_30)","decl":{"start":{"line":332,"column":15},"end":{"line":332,"column":16}},"loc":{"start":{"line":332,"column":33},"end":{"line":338,"column":3}}},"31":{"name":"(anonymous_31)","decl":{"start":{"line":344,"column":20},"end":{"line":344,"column":21}},"loc":{"start":{"line":344,"column":53},"end":{"line":346,"column":1}}},"32":{"name":"(anonymous_32)","decl":{"start":{"line":351,"column":21},"end":{"line":351,"column":22}},"loc":{"start":{"line":351,"column":54},"end":{"line":356,"column":1}}},"33":{"name":"(anonymous_33)","decl":{"start":{"line":361,"column":23},"end":{"line":361,"column":24}},"loc":{"start":{"line":361,"column":65},"end":{"line":368,"column":1}}},"34":{"name":"(anonymous_34)","decl":{"start":{"line":373,"column":24},"end":{"line":373,"column":25}},"loc":{"start":{"line":373,"column":76},"end":{"line":383,"column":1}}},"35":{"name":"(anonymous_35)","decl":{"start":{"line":390,"column":23},"end":{"line":390,"column":24}},"loc":{"start":{"line":390,"column":65},"end":{"line":394,"column":1}}},"36":{"name":"(anonymous_36)","decl":{"start":{"line":401,"column":24},"end":{"line":401,"column":25}},"loc":{"start":{"line":401,"column":76},"end":{"line":407,"column":1}}},"37":{"name":"(anonymous_37)","decl":{"start":{"line":412,"column":20},"end":{"line":412,"column":21}},"loc":{"start":{"line":412,"column":72},"end":{"line":422,"column":1}}},"38":{"name":"(anonymous_38)","decl":{"start":{"line":419,"column":44},"end":{"line":419,"column":45}},"loc":{"start":{"line":419,"column":50},"end":{"line":419,"column":84}}}},"branchMap":{"0":{"loc":{"start":{"line":43,"column":16},"end":{"line":43,"column":26}},"type":"default-arg","locations":[{"start":{"line":43,"column":24},"end":{"line":43,"column":26}}]},"1":{"loc":{"start":{"line":43,"column":28},"end":{"line":43,"column":43}},"type":"default-arg","locations":[{"start":{"line":43,"column":39},"end":{"line":43,"column":43}}]},"2":{"loc":{"start":{"line":43,"column":45},"end":{"line":43,"column":65}},"type":"default-arg","locations":[{"start":{"line":43,"column":59},"end":{"line":43,"column":65}}]},"3":{"loc":{"start":{"line":70,"column":11},"end":{"line":70,"column":48}},"type":"default-arg","locations":[{"start":{"line":70,"column":46},"end":{"line":70,"column":48}}]},"4":{"loc":{"start":{"line":71,"column":4},"end":{"line":73,"column":null}},"type":"if","locations":[{"start":{"line":71,"column":4},"end":{"line":73,"column":null}}]},"5":{"loc":{"start":{"line":74,"column":4},"end":{"line":76,"column":null}},"type":"if","locations":[{"start":{"line":74,"column":4},"end":{"line":76,"column":null}}]},"6":{"loc":{"start":{"line":77,"column":4},"end":{"line":79,"column":null}},"type":"if","locations":[{"start":{"line":77,"column":4},"end":{"line":79,"column":null}}]},"7":{"loc":{"start":{"line":97,"column":14},"end":{"line":97,"column":85}},"type":"default-arg","locations":[{"start":{"line":97,"column":83},"end":{"line":97,"column":85}}]},"8":{"loc":{"start":{"line":97,"column":16},"end":{"line":97,"column":31}},"type":"default-arg","locations":[{"start":{"line":97,"column":26},"end":{"line":97,"column":31}}]},"9":{"loc":{"start":{"line":97,"column":33},"end":{"line":97,"column":49}},"type":"default-arg","locations":[{"start":{"line":97,"column":44},"end":{"line":97,"column":49}}]},"10":{"loc":{"start":{"line":97,"column":51},"end":{"line":97,"column":79}},"type":"default-arg","locations":[{"start":{"line":97,"column":60},"end":{"line":97,"column":79}}]},"11":{"loc":{"start":{"line":99,"column":4},"end":{"line":101,"column":null}},"type":"if","locations":[{"start":{"line":99,"column":4},"end":{"line":101,"column":null}}]},"12":{"loc":{"start":{"line":99,"column":8},"end":{"line":99,"column":47}},"type":"binary-expr","locations":[{"start":{"line":99,"column":8},"end":{"line":99,"column":26}},{"start":{"line":99,"column":30},"end":{"line":99,"column":47}}]},"13":{"loc":{"start":{"line":100,"column":33},"end":{"line":100,"column":53}},"type":"binary-expr","locations":[{"start":{"line":100,"column":33},"end":{"line":100,"column":42}},{"start":{"line":100,"column":46},"end":{"line":100,"column":53}}]},"14":{"loc":{"start":{"line":103,"column":11},"end":{"line":103,"column":49}},"type":"cond-expr","locations":[{"start":{"line":103,"column":21},"end":{"line":103,"column":25}},{"start":{"line":103,"column":28},"end":{"line":103,"column":49}}]},"15":{"loc":{"start":{"line":131,"column":4},"end":{"line":131,"column":19}},"type":"default-arg","locations":[{"start":{"line":131,"column":14},"end":{"line":131,"column":19}}]},"16":{"loc":{"start":{"line":132,"column":4},"end":{"line":132,"column":20}},"type":"default-arg","locations":[{"start":{"line":132,"column":15},"end":{"line":132,"column":20}}]},"17":{"loc":{"start":{"line":133,"column":4},"end":{"line":133,"column":19}},"type":"default-arg","locations":[{"start":{"line":133,"column":15},"end":{"line":133,"column":19}}]},"18":{"loc":{"start":{"line":135,"column":4},"end":{"line":135,"column":null}},"type":"default-arg","locations":[{"start":{"line":135,"column":13},"end":{"line":135,"column":null}}]},"19":{"loc":{"start":{"line":138,"column":74},"end":{"line":138,"column":92}},"type":"binary-expr","locations":[{"start":{"line":138,"column":74},"end":{"line":138,"column":79}},{"start":{"line":138,"column":83},"end":{"line":138,"column":92}}]},"20":{"loc":{"start":{"line":141,"column":4},"end":{"line":144,"column":null}},"type":"if","locations":[{"start":{"line":141,"column":4},"end":{"line":144,"column":null}}]},"21":{"loc":{"start":{"line":141,"column":8},"end":{"line":141,"column":48}},"type":"binary-expr","locations":[{"start":{"line":141,"column":8},"end":{"line":141,"column":27}},{"start":{"line":141,"column":31},"end":{"line":141,"column":48}}]},"22":{"loc":{"start":{"line":142,"column":18},"end":{"line":142,"column":35}},"type":"binary-expr","locations":[{"start":{"line":142,"column":18},"end":{"line":142,"column":27}},{"start":{"line":142,"column":31},"end":{"line":142,"column":35}}]},"23":{"loc":{"start":{"line":143,"column":38},"end":{"line":143,"column":75}},"type":"cond-expr","locations":[{"start":{"line":143,"column":51},"end":{"line":143,"column":69}},{"start":{"line":143,"column":72},"end":{"line":143,"column":75}}]},"24":{"loc":{"start":{"line":143,"column":98},"end":{"line":143,"column":133}},"type":"cond-expr","locations":[{"start":{"line":143,"column":111},"end":{"line":143,"column":127}},{"start":{"line":143,"column":130},"end":{"line":143,"column":133}}]},"25":{"loc":{"start":{"line":146,"column":4},"end":{"line":167,"column":null}},"type":"if","locations":[{"start":{"line":146,"column":4},"end":{"line":167,"column":null}},{"start":{"line":151,"column":9},"end":{"line":167,"column":null}}]},"26":{"loc":{"start":{"line":147,"column":6},"end":{"line":149,"column":null}},"type":"if","locations":[{"start":{"line":147,"column":6},"end":{"line":149,"column":null}},{"start":{"line":148,"column":11},"end":{"line":149,"column":null}}]},"27":{"loc":{"start":{"line":148,"column":11},"end":{"line":149,"column":null}},"type":"if","locations":[{"start":{"line":148,"column":11},"end":{"line":149,"column":null}},{"start":{"line":149,"column":11},"end":{"line":149,"column":null}}]},"28":{"loc":{"start":{"line":152,"column":6},"end":{"line":166,"column":null}},"type":"if","locations":[{"start":{"line":152,"column":6},"end":{"line":166,"column":null}},{"start":{"line":155,"column":11},"end":{"line":166,"column":null}}]},"29":{"loc":{"start":{"line":155,"column":11},"end":{"line":166,"column":null}},"type":"if","locations":[{"start":{"line":155,"column":11},"end":{"line":166,"column":null}},{"start":{"line":158,"column":11},"end":{"line":166,"column":null}}]},"30":{"loc":{"start":{"line":158,"column":11},"end":{"line":166,"column":null}},"type":"if","locations":[{"start":{"line":158,"column":11},"end":{"line":166,"column":null}},{"start":{"line":161,"column":11},"end":{"line":166,"column":null}}]},"31":{"loc":{"start":{"line":161,"column":11},"end":{"line":166,"column":null}},"type":"if","locations":[{"start":{"line":161,"column":11},"end":{"line":166,"column":null}},{"start":{"line":164,"column":11},"end":{"line":166,"column":null}}]},"32":{"loc":{"start":{"line":172,"column":6},"end":{"line":174,"column":null}},"type":"if","locations":[{"start":{"line":172,"column":6},"end":{"line":174,"column":null}}]},"33":{"loc":{"start":{"line":180,"column":4},"end":{"line":182,"column":null}},"type":"if","locations":[{"start":{"line":180,"column":4},"end":{"line":182,"column":null}}]},"34":{"loc":{"start":{"line":195,"column":22},"end":{"line":195,"column":101}},"type":"cond-expr","locations":[{"start":{"line":195,"column":53},"end":{"line":195,"column":90}},{"start":{"line":195,"column":90},"end":{"line":195,"column":101}}]},"35":{"loc":{"start":{"line":275,"column":22},"end":{"line":277,"column":67}},"type":"cond-expr","locations":[{"start":{"line":276,"column":8},"end":{"line":276,"column":36}},{"start":{"line":277,"column":8},"end":{"line":277,"column":67}}]},"36":{"loc":{"start":{"line":278,"column":4},"end":{"line":283,"column":null}},"type":"if","locations":[{"start":{"line":278,"column":4},"end":{"line":283,"column":null}}]},"37":{"loc":{"start":{"line":279,"column":18},"end":{"line":281,"column":42}},"type":"cond-expr","locations":[{"start":{"line":280,"column":11},"end":{"line":280,"column":49}},{"start":{"line":281,"column":10},"end":{"line":281,"column":42}}]},"38":{"loc":{"start":{"line":308,"column":2},"end":{"line":313,"column":null}},"type":"switch","locations":[{"start":{"line":309,"column":2},"end":{"line":309,"column":null}},{"start":{"line":310,"column":2},"end":{"line":310,"column":null}},{"start":{"line":312,"column":2},"end":{"line":312,"column":null}}]},"39":{"loc":{"start":{"line":334,"column":17},"end":{"line":334,"column":41}},"type":"binary-expr","locations":[{"start":{"line":334,"column":17},"end":{"line":334,"column":35}},{"start":{"line":334,"column":39},"end":{"line":334,"column":41}}]},"40":{"loc":{"start":{"line":353,"column":15},"end":{"line":353,"column":38}},"type":"binary-expr","locations":[{"start":{"line":353,"column":15},"end":{"line":353,"column":32}},{"start":{"line":353,"column":36},"end":{"line":353,"column":38}}]},"41":{"loc":{"start":{"line":362,"column":2},"end":{"line":366,"column":null}},"type":"if","locations":[{"start":{"line":362,"column":2},"end":{"line":366,"column":null}}]},"42":{"loc":{"start":{"line":375,"column":2},"end":{"line":382,"column":null}},"type":"if","locations":[{"start":{"line":375,"column":2},"end":{"line":382,"column":null}},{"start":{"line":379,"column":7},"end":{"line":382,"column":null}}]},"43":{"loc":{"start":{"line":404,"column":2},"end":{"line":406,"column":null}},"type":"if","locations":[{"start":{"line":404,"column":2},"end":{"line":406,"column":null}}]}},"s":{"0":3,"1":3,"2":120,"3":40,"4":40,"5":160,"6":40,"7":40,"8":40,"9":40,"10":0,"11":18,"12":1,"13":17,"14":0,"15":17,"16":16,"17":1,"18":11,"19":11,"20":0,"21":11,"22":6,"23":6,"24":6,"25":0,"26":0,"27":6,"28":5,"29":5,"30":0,"31":0,"32":0,"33":1,"34":0,"35":1,"36":1,"37":2,"38":0,"39":0,"40":0,"41":0,"42":0,"43":0,"44":54,"45":108,"46":0,"47":54,"48":54,"49":54,"50":54,"51":51,"52":54,"53":54,"54":35,"55":1,"56":1,"57":56,"58":56,"59":29,"60":25,"61":25,"62":27,"63":27,"64":5,"65":5,"66":7,"67":5,"68":5,"69":3,"70":3,"71":3,"72":7,"73":3,"74":3,"75":0,"76":42,"77":3,"78":42,"79":0,"80":0,"81":42,"82":0,"83":0,"84":0,"85":0,"86":3,"87":89,"88":22,"89":3,"90":132,"91":108,"92":108,"93":24,"94":24,"95":0,"96":3,"97":62,"98":76,"99":3,"100":73,"101":73,"102":57,"103":57,"104":3,"105":16,"106":16,"107":41,"108":41,"109":41,"110":41,"111":41,"112":3,"113":27,"114":3,"115":5,"116":5,"117":5,"118":5,"119":3,"120":5,"121":0,"122":0,"123":5,"124":3,"125":1,"126":1,"127":0,"128":1,"129":1,"130":3,"131":3,"132":3,"133":3,"134":3,"135":3,"136":3,"137":1,"138":3,"139":4,"140":4,"141":4,"142":4,"143":7,"144":4},"f":{"0":40,"1":0,"2":18,"3":11,"4":6,"5":2,"6":0,"7":54,"8":35,"9":1,"10":1,"11":56,"12":29,"13":25,"14":27,"15":5,"16":7,"17":3,"18":7,"19":42,"20":3,"21":0,"22":0,"23":0,"24":89,"25":132,"26":62,"27":73,"28":57,"29":16,"30":41,"31":27,"32":5,"33":5,"34":1,"35":3,"36":3,"37":4,"38":7},"b":{"0":[26],"1":[14],"2":[40],"3":[1],"4":[1],"5":[0],"6":[16],"7":[3],"8":[3],"9":[3],"10":[11],"11":[0],"12":[11,0],"13":[0,0],"14":[8,3],"15":[4],"16":[6],"17":[6],"18":[6],"19":[6,4],"20":[0],"21":[6,0],"22":[0,0],"23":[0,0],"24":[0,0],"25":[5,1],"26":[5,0],"27":[0,0],"28":[0,1],"29":[1,0],"30":[0,0],"31":[0,0],"32":[0],"33":[51],"34":[1,55],"35":[40,2],"36":[0],"37":[0,0],"38":[108,24,0],"39":[41,28],"40":[5,3],"41":[0],"42":[0,1],"43":[1]}}
,"/Users/zane/.liq/playground/liquid-labs/resource-model/src/Model.mjs": {"path":"/Users/zane/.liq/playground/liquid-labs/resource-model/src/Model.mjs","statementMap":{"0":{"start":{"line":1,"column":38},"end":{"line":1,"column":88}},"1":{"start":{"line":2,"column":36},"end":{"line":2,"column":48}},"2":{"start":{"line":4,"column":11},"end":{"line":111,"column":null}},"3":{"start":{"line":9,"column":79},"end":{"line":5,"column":null}},"4":{"start":{"line":5,"column":24},"end":{"line":6,"column":null}},"5":{"start":{"line":6,"column":17},"end":{"line":7,"column":null}},"6":{"start":{"line":10,"column":4},"end":{"line":12,"column":null}},"7":{"start":{"line":11,"column":6},"end":{"line":11,"column":null}},"8":{"start":{"line":13,"column":4},"end":{"line":15,"column":null}},"9":{"start":{"line":14,"column":6},"end":{"line":14,"column":null}},"10":{"start":{"line":16,"column":4},"end":{"line":18,"column":null}},"11":{"start":{"line":17,"column":6},"end":{"line":17,"column":null}},"12":{"start":{"line":22,"column":4},"end":{"line":26,"column":null}},"13":{"start":{"line":23,"column":6},"end":{"line":25,"column":null}},"14":{"start":{"line":24,"column":8},"end":{"line":24,"column":null}},"15":{"start":{"line":28,"column":4},"end":{"line":33,"column":null}},"16":{"start":{"line":35,"column":4},"end":{"line":35,"column":null}},"17":{"start":{"line":39,"column":4},"end":{"line":43,"column":null}},"18":{"start":{"line":40,"column":6},"end":{"line":42,"column":null}},"19":{"start":{"line":41,"column":8},"end":{"line":41,"column":null}},"20":{"start":{"line":45,"column":4},"end":{"line":50,"column":null}},"21":{"start":{"line":52,"column":4},"end":{"line":52,"column":null}},"22":{"start":{"line":56,"column":4},"end":{"line":60,"column":null}},"23":{"start":{"line":57,"column":6},"end":{"line":59,"column":null}},"24":{"start":{"line":58,"column":8},"end":{"line":58,"column":null}},"25":{"start":{"line":62,"column":4},"end":{"line":62,"column":null}},"26":{"start":{"line":66,"column":4},"end":{"line":68,"column":null}},"27":{"start":{"line":67,"column":6},"end":{"line":67,"column":null}},"28":{"start":{"line":69,"column":4},"end":{"line":71,"column":null}},"29":{"start":{"line":70,"column":6},"end":{"line":70,"column":null}},"30":{"start":{"line":75,"column":4},"end":{"line":80,"column":null}},"31":{"start":{"line":76,"column":25},"end":{"line":76,"column":40}},"32":{"start":{"line":77,"column":6},"end":{"line":79,"column":null}},"33":{"start":{"line":78,"column":8},"end":{"line":78,"column":null}},"34":{"start":{"line":82,"column":4},"end":{"line":84,"column":null}},"35":{"start":{"line":83,"column":6},"end":{"line":83,"column":46}},"36":{"start":{"line":85,"column":4},"end":{"line":87,"column":null}},"37":{"start":{"line":86,"column":6},"end":{"line":86,"column":43}},"38":{"start":{"line":91,"column":24},"end":{"line":91,"column":26}},"39":{"start":{"line":93,"column":4},"end":{"line":97,"column":null}},"40":{"start":{"line":94,"column":6},"end":{"line":96,"column":null}},"41":{"start":{"line":95,"column":8},"end":{"line":95,"column":null}},"42":{"start":{"line":99,"column":4},"end":{"line":101,"column":null}},"43":{"start":{"line":100,"column":6},"end":{"line":100,"column":null}},"44":{"start":{"line":103,"column":4},"end":{"line":105,"column":null}},"45":{"start":{"line":104,"column":6},"end":{"line":104,"column":null}},"46":{"start":{"line":107,"column":4},"end":{"line":107,"column":null}},"47":{"start":{"line":109,"column":4},"end":{"line":109,"column":null}}},"fnMap":{"0":{"name":"(anonymous_0)","decl":{"start":{"line":9,"column":2},"end":{"line":9,"column":13}},"loc":{"start":{"line":9,"column":79},"end":{"line":19,"column":null}}},"1":{"name":"(anonymous_1)","decl":{"start":{"line":21,"column":2},"end":{"line":21,"column":21}},"loc":{"start":{"line":21,"column":35},"end":{"line":36,"column":null}}},"2":{"name":"(anonymous_2)","decl":{"start":{"line":38,"column":2},"end":{"line":38,"column":14}},"loc":{"start":{"line":38,"column":28},"end":{"line":53,"column":null}}},"3":{"name":"(anonymous_3)","decl":{"start":{"line":55,"column":2},"end":{"line":55,"column":15}},"loc":{"start":{"line":55,"column":27},"end":{"line":63,"column":null}}},"4":{"name":"(anonymous_4)","decl":{"start":{"line":65,"column":2},"end":{"line":65,"column":6}},"loc":{"start":{"line":65,"column":26},"end":{"line":72,"column":null}}},"5":{"name":"(anonymous_5)","decl":{"start":{"line":74,"column":2},"end":{"line":74,"column":8}},"loc":{"start":{"line":74,"column":42},"end":{"line":88,"column":null}}},"6":{"name":"(anonymous_6)","decl":{"start":{"line":90,"column":2},"end":{"line":90,"column":8}},"loc":{"start":{"line":90,"column":54},"end":{"line":110,"column":null}}}},"branchMap":{"0":{"loc":{"start":{"line":9,"column":14},"end":{"line":9,"column":77}},"type":"default-arg","locations":[{"start":{"line":9,"column":75},"end":{"line":9,"column":77}}]},"1":{"loc":{"start":{"line":9,"column":16},"end":{"line":9,"column":37}},"type":"default-arg","locations":[{"start":{"line":9,"column":35},"end":{"line":9,"column":37}}]},"2":{"loc":{"start":{"line":9,"column":39},"end":{"line":9,"column":53}},"type":"default-arg","locations":[{"start":{"line":9,"column":51},"end":{"line":9,"column":53}}]},"3":{"loc":{"start":{"line":9,"column":55},"end":{"line":9,"column":71}},"type":"default-arg","locations":[{"start":{"line":9,"column":68},"end":{"line":9,"column":71}}]},"4":{"loc":{"start":{"line":23,"column":6},"end":{"line":25,"column":null}},"type":"if","locations":[{"start":{"line":23,"column":6},"end":{"line":25,"column":null}}]},"5":{"loc":{"start":{"line":24,"column":40},"end":{"line":24,"column":99}},"type":"cond-expr","locations":[{"start":{"line":24,"column":65},"end":{"line":24,"column":93}},{"start":{"line":24,"column":96},"end":{"line":24,"column":99}}]},"6":{"loc":{"start":{"line":40,"column":6},"end":{"line":42,"column":null}},"type":"if","locations":[{"start":{"line":40,"column":6},"end":{"line":42,"column":null}}]},"7":{"loc":{"start":{"line":57,"column":6},"end":{"line":59,"column":null}},"type":"if","locations":[{"start":{"line":57,"column":6},"end":{"line":59,"column":null}}]},"8":{"loc":{"start":{"line":58,"column":37},"end":{"line":58,"column":80}},"type":"cond-expr","locations":[{"start":{"line":58,"column":54},"end":{"line":58,"column":74}},{"start":{"line":58,"column":77},"end":{"line":58,"column":80}}]},"9":{"loc":{"start":{"line":65,"column":7},"end":{"line":65,"column":24}},"type":"default-arg","locations":[{"start":{"line":65,"column":22},"end":{"line":65,"column":24}}]},"10":{"loc":{"start":{"line":74,"column":13},"end":{"line":74,"column":40}},"type":"default-arg","locations":[{"start":{"line":74,"column":38},"end":{"line":74,"column":40}}]},"11":{"loc":{"start":{"line":74,"column":15},"end":{"line":74,"column":34}},"type":"default-arg","locations":[{"start":{"line":74,"column":28},"end":{"line":74,"column":34}}]},"12":{"loc":{"start":{"line":75,"column":4},"end":{"line":80,"column":null}},"type":"if","locations":[{"start":{"line":75,"column":4},"end":{"line":80,"column":null}}]},"13":{"loc":{"start":{"line":77,"column":6},"end":{"line":79,"column":null}},"type":"if","locations":[{"start":{"line":77,"column":6},"end":{"line":79,"column":null}}]},"14":{"loc":{"start":{"line":90,"column":17},"end":{"line":90,"column":52}},"type":"default-arg","locations":[{"start":{"line":90,"column":50},"end":{"line":90,"column":52}}]},"15":{"loc":{"start":{"line":90,"column":19},"end":{"line":90,"column":30}},"type":"default-arg","locations":[{"start":{"line":90,"column":28},"end":{"line":90,"column":30}}]},"16":{"loc":{"start":{"line":90,"column":32},"end":{"line":90,"column":46}},"type":"default-arg","locations":[{"start":{"line":90,"column":43},"end":{"line":90,"column":46}}]},"17":{"loc":{"start":{"line":94,"column":6},"end":{"line":96,"column":null}},"type":"if","locations":[{"start":{"line":94,"column":6},"end":{"line":96,"column":null}}]}},"s":{"0":1,"1":1,"2":1,"3":8,"4":8,"5":8,"6":8,"7":5,"8":8,"9":1,"10":8,"11":0,"12":6,"13":24,"14":0,"15":6,"16":6,"17":1,"18":1,"19":0,"20":1,"21":1,"22":1,"23":1,"24":0,"25":1,"26":0,"27":0,"28":0,"29":0,"30":0,"31":0,"32":0,"33":0,"34":0,"35":0,"36":0,"37":0,"38":5,"39":5,"40":4,"41":2,"42":3,"43":1,"44":2,"45":1,"46":2,"47":1},"f":{"0":8,"1":6,"2":1,"3":1,"4":0,"5":0,"6":5},"b":{"0":[2],"1":[3],"2":[7],"3":[8],"4":[0],"5":[0,0],"6":[0],"7":[0],"8":[0,0],"9":[0],"10":[0],"11":[0],"12":[0],"13":[0],"14":[4],"15":[4],"16":[4],"17":[2]}}
,"/Users/zane/.liq/playground/liquid-labs/resource-model/src/lib/index-relationships.js": {"path":"/Users/zane/.liq/playground/liquid-labs/resource-model/src/lib/index-relationships.js","statementMap":{"0":{"start":{"line":6,"column":19},"end":{"line":6,"column":20}},"1":{"start":{"line":7,"column":20},"end":{"line":7,"column":21}},"2":{"start":{"line":11,"column":13},"end":{"line":11,"column":43}}},"fnMap":{},"branchMap":{},"s":{"0":3,"1":3,"2":3},"f":{},"b":{}}
}
